<?xml version="1.0" encoding="UTF-8" standalone="yes"?><!DOCTYPE report PUBLIC "-//JACOCO//DTD Report 1.1//EN" "report.dtd"><report name="Common Xml"><sessioninfo id="jenkins-agent-1-18dabd5" start="1719857253313" dump="1719857268487"/><package name="org/bremersee/xml"><class name="org/bremersee/xml/SchemaBuilder" sourcefilename="SchemaBuilder.java"><method name="newInstance" desc="()Lorg/bremersee/xml/SchemaBuilder;" line="47"><counter type="INSTRUCTION" missed="0" covered="4"/><counter type="LINE" missed="0" covered="1"/><counter type="COMPLEXITY" missed="0" covered="1"/><counter type="METHOD" missed="0" covered="1"/></method><method name="fetchSchemaSources" desc="([Ljava/lang/String;)Ljava/util/List;" line="147"><counter type="INSTRUCTION" missed="0" covered="9"/><counter type="LINE" missed="0" covered="3"/><counter type="COMPLEXITY" missed="0" covered="1"/><counter type="METHOD" missed="0" covered="1"/></method><method name="buildSchema" desc="([Ljava/lang/String;)Ljavax/xml/validation/Schema;" line="172"><counter type="INSTRUCTION" missed="0" covered="10"/><counter type="LINE" missed="0" covered="3"/><counter type="COMPLEXITY" missed="0" covered="1"/><counter type="METHOD" missed="0" covered="1"/></method><method name="buildSchema" desc="(Ljavax/xml/transform/Source;)Ljavax/xml/validation/Schema;" line="203"><counter type="INSTRUCTION" missed="0" covered="10"/><counter type="LINE" missed="0" covered="3"/><counter type="COMPLEXITY" missed="0" covered="1"/><counter type="METHOD" missed="0" covered="1"/></method><method name="buildSchema" desc="(Ljava/util/Collection;)Ljavax/xml/validation/Schema;" line="225"><counter type="INSTRUCTION" missed="0" covered="10"/><counter type="LINE" missed="0" covered="3"/><counter type="COMPLEXITY" missed="0" covered="1"/><counter type="METHOD" missed="0" covered="1"/></method><method name="lambda$buildSchema$6" desc="()Ljavax/xml/validation/Schema;" line="227"><counter type="INSTRUCTION" missed="5" covered="0"/><counter type="LINE" missed="1" covered="0"/><counter type="COMPLEXITY" missed="1" covered="0"/><counter type="METHOD" missed="1" covered="0"/></method><method name="lambda$buildSchema$5" desc="(Ljava/util/Collection;)Ljavax/xml/validation/Schema;" line="226"><counter type="INSTRUCTION" missed="0" covered="8"/><counter type="LINE" missed="0" covered="1"/><counter type="COMPLEXITY" missed="0" covered="1"/><counter type="METHOD" missed="0" covered="1"/></method><method name="lambda$buildSchema$4" desc="()Ljavax/xml/validation/Schema;" line="205"><counter type="INSTRUCTION" missed="0" covered="5"/><counter type="LINE" missed="0" covered="1"/><counter type="COMPLEXITY" missed="0" covered="1"/><counter type="METHOD" missed="0" covered="1"/></method><method name="lambda$buildSchema$3" desc="(Ljavax/xml/transform/Source;)Ljavax/xml/validation/Schema;" line="204"><counter type="INSTRUCTION" missed="0" covered="9"/><counter type="LINE" missed="0" covered="1"/><counter type="COMPLEXITY" missed="0" covered="1"/><counter type="METHOD" missed="0" covered="1"/></method><method name="lambda$buildSchema$2" desc="()Ljavax/xml/validation/Schema;" line="174"><counter type="INSTRUCTION" missed="5" covered="0"/><counter type="LINE" missed="1" covered="0"/><counter type="COMPLEXITY" missed="1" covered="0"/><counter type="METHOD" missed="1" covered="0"/></method><method name="lambda$buildSchema$1" desc="([Ljava/lang/String;)Ljavax/xml/validation/Schema;" line="173"><counter type="INSTRUCTION" missed="0" covered="6"/><counter type="LINE" missed="0" covered="1"/><counter type="COMPLEXITY" missed="0" covered="1"/><counter type="METHOD" missed="0" covered="1"/></method><method name="lambda$fetchSchemaSources$0" desc="([Ljava/lang/String;)Ljava/util/List;" line="148"><counter type="INSTRUCTION" missed="0" covered="5"/><counter type="LINE" missed="0" covered="1"/><counter type="COMPLEXITY" missed="0" covered="1"/><counter type="METHOD" missed="0" covered="1"/></method><counter type="INSTRUCTION" missed="10" covered="76"/><counter type="LINE" missed="0" covered="13"/><counter type="COMPLEXITY" missed="2" covered="10"/><counter type="METHOD" missed="2" covered="10"/><counter type="CLASS" missed="0" covered="1"/></class><class name="org/bremersee/xml/XmlRuntimeException" sourcefilename="XmlRuntimeException.java"><method name="&lt;init&gt;" desc="(Ljava/lang/Throwable;)V" line="32"><counter type="INSTRUCTION" missed="0" covered="5"/><counter type="LINE" missed="0" covered="2"/><counter type="COMPLEXITY" missed="0" covered="1"/><counter type="METHOD" missed="0" covered="1"/></method><method name="&lt;init&gt;" desc="(Ljava/lang/String;Ljava/lang/Throwable;)V" line="42"><counter type="INSTRUCTION" missed="0" covered="5"/><counter type="LINE" missed="0" covered="2"/><counter type="COMPLEXITY" missed="0" covered="1"/><counter type="METHOD" missed="0" covered="1"/></method><counter type="INSTRUCTION" missed="0" covered="10"/><counter type="LINE" missed="0" covered="4"/><counter type="COMPLEXITY" missed="0" covered="2"/><counter type="METHOD" missed="0" covered="2"/><counter type="CLASS" missed="0" covered="1"/></class><class name="org/bremersee/xml/JaxbDependenciesResolverImpl$XmlFieldCallback" sourcefilename="JaxbDependenciesResolverImpl.java"><method name="&lt;init&gt;" desc="(Lorg/bremersee/xml/JaxbDependenciesResolverImpl;Ljava/lang/Object;Ljava/util/Set;)V" line="228"><counter type="INSTRUCTION" missed="0" covered="12"/><counter type="LINE" missed="0" covered="4"/><counter type="COMPLEXITY" missed="0" covered="1"/><counter type="METHOD" missed="0" covered="1"/></method><method name="doWith" desc="(Ljava/lang/reflect/Field;)V" line="234"><counter type="INSTRUCTION" missed="83" covered="63"/><counter type="BRANCH" missed="10" covered="10"/><counter type="LINE" missed="6" covered="13"/><counter type="COMPLEXITY" missed="7" covered="4"/><counter type="METHOD" missed="0" covered="1"/></method><counter type="INSTRUCTION" missed="83" covered="75"/><counter type="BRANCH" missed="10" covered="10"/><counter type="LINE" missed="6" covered="17"/><counter type="COMPLEXITY" missed="7" covered="5"/><counter type="METHOD" missed="0" covered="2"/><counter type="CLASS" missed="0" covered="1"/></class><class name="org/bremersee/xml/JaxbUtils" sourcefilename="JaxbUtils.java"><method name="getNameSpaceOfElement" desc="(Ljava/lang/Class;)Ljava/util/Optional;" line="50"><counter type="INSTRUCTION" missed="0" covered="12"/><counter type="LINE" missed="0" covered="5"/><counter type="COMPLEXITY" missed="0" covered="1"/><counter type="METHOD" missed="0" covered="1"/></method><method name="getNameSpaceOfType" desc="(Ljava/lang/Class;)Ljava/util/Optional;" line="66"><counter type="INSTRUCTION" missed="0" covered="12"/><counter type="LINE" missed="0" covered="5"/><counter type="COMPLEXITY" missed="0" covered="1"/><counter type="METHOD" missed="0" covered="1"/></method><method name="getNameSpace" desc="(Ljava/lang/Package;)Ljava/util/Optional;" line="82"><counter type="INSTRUCTION" missed="0" covered="9"/><counter type="LINE" missed="0" covered="4"/><counter type="COMPLEXITY" missed="0" covered="1"/><counter type="METHOD" missed="0" covered="1"/></method><method name="getSchemaLocation" desc="(Ljava/lang/Package;)Ljava/util/Optional;" line="95"><counter type="INSTRUCTION" missed="0" covered="9"/><counter type="LINE" missed="0" covered="4"/><counter type="COMPLEXITY" missed="0" covered="1"/><counter type="METHOD" missed="0" covered="1"/></method><method name="isInJaxbModelPackage" desc="(Ljava/lang/Class;)Z" line="108"><counter type="INSTRUCTION" missed="0" covered="11"/><counter type="BRANCH" missed="1" covered="3"/><counter type="LINE" missed="0" covered="1"/><counter type="COMPLEXITY" missed="1" covered="2"/><counter type="METHOD" missed="0" covered="1"/></method><method name="isJaxbModelPackage" desc="(Ljava/lang/Package;)Z" line="118"><counter type="INSTRUCTION" missed="0" covered="10"/><counter type="BRANCH" missed="0" covered="4"/><counter type="LINE" missed="0" covered="1"/><counter type="COMPLEXITY" missed="0" covered="3"/><counter type="METHOD" missed="0" covered="1"/></method><method name="objectFactoryExists" desc="(Ljava/lang/Package;)Z" line="122"><counter type="INSTRUCTION" missed="0" covered="11"/><counter type="LINE" missed="0" covered="3"/><counter type="COMPLEXITY" missed="0" covered="1"/><counter type="METHOD" missed="0" covered="1"/></method><method name="jaxbIndexExists" desc="(Ljava/lang/Package;)Z" line="135"><counter type="INSTRUCTION" missed="0" covered="16"/><counter type="LINE" missed="0" covered="6"/><counter type="COMPLEXITY" missed="0" covered="1"/><counter type="METHOD" missed="0" covered="1"/></method><method name="findJaxbClasses" desc="(Ljava/lang/String;[Ljava/lang/ClassLoader;)Ljava/util/stream/Stream;" line="151"><counter type="INSTRUCTION" missed="0" covered="28"/><counter type="LINE" missed="0" covered="5"/><counter type="COMPLEXITY" missed="0" covered="1"/><counter type="METHOD" missed="0" covered="1"/></method><method name="lambda$jaxbIndexExists$13" desc="(Ljava/lang/String;)Ljava/lang/Boolean;" line="139"><counter type="INSTRUCTION" missed="0" covered="7"/><counter type="LINE" missed="0" covered="1"/><counter type="COMPLEXITY" missed="0" covered="1"/><counter type="METHOD" missed="0" covered="1"/></method><method name="lambda$jaxbIndexExists$12" desc="(Ljava/lang/String;)Ljava/lang/String;" line="138"><counter type="INSTRUCTION" missed="0" covered="3"/><counter type="LINE" missed="0" covered="1"/><counter type="COMPLEXITY" missed="0" covered="1"/><counter type="METHOD" missed="0" covered="1"/></method><method name="lambda$jaxbIndexExists$11" desc="(Ljava/lang/String;)Ljava/lang/String;" line="137"><counter type="INSTRUCTION" missed="0" covered="5"/><counter type="LINE" missed="0" covered="1"/><counter type="COMPLEXITY" missed="0" covered="1"/><counter type="METHOD" missed="0" covered="1"/></method><method name="lambda$objectFactoryExists$10" desc="(Ljava/lang/Package;Ljava/lang/Package;)Ljava/lang/Boolean;" line="125"><counter type="INSTRUCTION" missed="0" covered="12"/><counter type="LINE" missed="0" covered="4"/><counter type="COMPLEXITY" missed="0" covered="1"/><counter type="METHOD" missed="0" covered="1"/></method><method name="lambda$getSchemaLocation$9" desc="(Ljava/lang/String;)Z" line="98"><counter type="INSTRUCTION" missed="0" covered="11"/><counter type="BRANCH" missed="1" covered="3"/><counter type="LINE" missed="0" covered="1"/><counter type="COMPLEXITY" missed="1" covered="2"/><counter type="METHOD" missed="0" covered="1"/></method><method name="lambda$getSchemaLocation$8" desc="(Ljava/lang/Package;)Ljakarta/xml/bind/annotation/XmlSchema;" line="96"><counter type="INSTRUCTION" missed="0" covered="5"/><counter type="LINE" missed="0" covered="1"/><counter type="COMPLEXITY" missed="0" covered="1"/><counter type="METHOD" missed="0" covered="1"/></method><method name="lambda$getNameSpace$7" desc="(Ljava/lang/String;)Z" line="85"><counter type="INSTRUCTION" missed="1" covered="6"/><counter type="BRANCH" missed="1" covered="1"/><counter type="LINE" missed="0" covered="1"/><counter type="COMPLEXITY" missed="1" covered="1"/><counter type="METHOD" missed="0" covered="1"/></method><method name="lambda$getNameSpace$6" desc="(Ljava/lang/Package;)Ljakarta/xml/bind/annotation/XmlSchema;" line="83"><counter type="INSTRUCTION" missed="0" covered="5"/><counter type="LINE" missed="0" covered="1"/><counter type="COMPLEXITY" missed="0" covered="1"/><counter type="METHOD" missed="0" covered="1"/></method><method name="lambda$getNameSpaceOfType$5" desc="(Ljava/lang/Class;)Ljava/util/Optional;" line="70"><counter type="INSTRUCTION" missed="0" covered="11"/><counter type="BRANCH" missed="0" covered="2"/><counter type="LINE" missed="0" covered="3"/><counter type="COMPLEXITY" missed="0" covered="2"/><counter type="METHOD" missed="0" covered="1"/></method><method name="lambda$getNameSpaceOfType$4" desc="(Ljava/lang/String;)Z" line="69"><counter type="INSTRUCTION" missed="0" covered="11"/><counter type="BRANCH" missed="1" covered="3"/><counter type="LINE" missed="0" covered="1"/><counter type="COMPLEXITY" missed="1" covered="2"/><counter type="METHOD" missed="0" covered="1"/></method><method name="lambda$getNameSpaceOfType$3" desc="(Ljava/lang/Class;)Ljakarta/xml/bind/annotation/XmlType;" line="67"><counter type="INSTRUCTION" missed="0" covered="5"/><counter type="LINE" missed="0" covered="1"/><counter type="COMPLEXITY" missed="0" covered="1"/><counter type="METHOD" missed="0" covered="1"/></method><method name="lambda$getNameSpaceOfElement$2" desc="(Ljava/lang/Class;)Ljava/util/Optional;" line="54"><counter type="INSTRUCTION" missed="0" covered="11"/><counter type="BRANCH" missed="0" covered="2"/><counter type="LINE" missed="0" covered="3"/><counter type="COMPLEXITY" missed="0" covered="2"/><counter type="METHOD" missed="0" covered="1"/></method><method name="lambda$getNameSpaceOfElement$1" desc="(Ljava/lang/String;)Z" line="53"><counter type="INSTRUCTION" missed="0" covered="11"/><counter type="BRANCH" missed="1" covered="3"/><counter type="LINE" missed="0" covered="1"/><counter type="COMPLEXITY" missed="1" covered="2"/><counter type="METHOD" missed="0" covered="1"/></method><method name="lambda$getNameSpaceOfElement$0" desc="(Ljava/lang/Class;)Ljakarta/xml/bind/annotation/XmlRootElement;" line="51"><counter type="INSTRUCTION" missed="0" covered="5"/><counter type="LINE" missed="0" covered="1"/><counter type="COMPLEXITY" missed="0" covered="1"/><counter type="METHOD" missed="0" covered="1"/></method><counter type="INSTRUCTION" missed="1" covered="226"/><counter type="BRANCH" missed="5" covered="21"/><counter type="LINE" missed="0" covered="42"/><counter type="COMPLEXITY" missed="5" covered="31"/><counter type="METHOD" missed="0" covered="23"/><counter type="CLASS" missed="0" covered="1"/></class><class name="org/bremersee/xml/XmlDocumentBuilderFactoryConfigurator" sourcefilename="XmlDocumentBuilderFactoryConfigurator.java"/><class name="org/bremersee/xml/JaxbDependenciesResolverImpl$ScanResult" sourcefilename="JaxbDependenciesResolverImpl.java"><method name="&lt;init&gt;" desc="(Ljava/lang/Class;Ljava/lang/Object;)V" line="413"><counter type="INSTRUCTION" missed="0" covered="12"/><counter type="LINE" missed="0" covered="5"/><counter type="COMPLEXITY" missed="0" covered="1"/><counter type="METHOD" missed="0" covered="1"/></method><method name="getClazz" desc="()Ljava/lang/Class;" line="425"><counter type="INSTRUCTION" missed="0" covered="3"/><counter type="LINE" missed="0" covered="1"/><counter type="COMPLEXITY" missed="0" covered="1"/><counter type="METHOD" missed="0" covered="1"/></method><counter type="INSTRUCTION" missed="0" covered="15"/><counter type="LINE" missed="0" covered="6"/><counter type="COMPLEXITY" missed="0" covered="2"/><counter type="METHOD" missed="0" covered="2"/><counter type="CLASS" missed="0" covered="1"/></class><class name="org/bremersee/xml/JaxbRuntimeException" sourcefilename="JaxbRuntimeException.java"><method name="&lt;init&gt;" desc="(Ljava/lang/Throwable;)V" line="35"><counter type="INSTRUCTION" missed="0" covered="5"/><counter type="LINE" missed="0" covered="2"/><counter type="COMPLEXITY" missed="0" covered="1"/><counter type="METHOD" missed="0" covered="1"/></method><method name="&lt;init&gt;" desc="(Ljava/lang/String;)V" line="44"><counter type="INSTRUCTION" missed="2" covered="7"/><counter type="BRANCH" missed="1" covered="1"/><counter type="LINE" missed="0" covered="2"/><counter type="COMPLEXITY" missed="1" covered="1"/><counter type="METHOD" missed="0" covered="1"/></method><method name="&lt;init&gt;" desc="(Ljava/lang/String;Ljava/lang/Throwable;)V" line="54"><counter type="INSTRUCTION" missed="0" covered="5"/><counter type="LINE" missed="0" covered="2"/><counter type="COMPLEXITY" missed="0" covered="1"/><counter type="METHOD" missed="0" covered="1"/></method><counter type="INSTRUCTION" missed="2" covered="17"/><counter type="BRANCH" missed="1" covered="1"/><counter type="LINE" missed="0" covered="6"/><counter type="COMPLEXITY" missed="1" covered="3"/><counter type="METHOD" missed="0" covered="3"/><counter type="CLASS" missed="0" covered="1"/></class><class name="org/bremersee/xml/JaxbContextWrapper" sourcefilename="JaxbContextWrapper.java"><method name="&lt;init&gt;" desc="(Ljakarta/xml/bind/JAXBContext;)V" line="96"><counter type="INSTRUCTION" missed="0" covered="5"/><counter type="LINE" missed="0" covered="2"/><counter type="COMPLEXITY" missed="0" covered="1"/><counter type="METHOD" missed="0" covered="1"/></method><method name="&lt;init&gt;" desc="(Ljava/util/stream/Stream;[Ljava/lang/ClassLoader;)V" line="84"><counter type="INSTRUCTION" missed="1" covered="30"/><counter type="BRANCH" missed="1" covered="1"/><counter type="LINE" missed="0" covered="7"/><counter type="COMPLEXITY" missed="1" covered="1"/><counter type="METHOD" missed="0" covered="1"/></method><method name="&lt;init&gt;" desc="(Ljakarta/xml/bind/JAXBContext;Lorg/bremersee/xml/JaxbContextDetails;)V" line="84"><counter type="INSTRUCTION" missed="0" covered="19"/><counter type="LINE" missed="0" covered="7"/><counter type="COMPLEXITY" missed="0" covered="1"/><counter type="METHOD" missed="0" covered="1"/></method><method name="createUnmarshaller" desc="()Ljakarta/xml/bind/Unmarshaller;" line="131"><counter type="INSTRUCTION" missed="0" covered="59"/><counter type="BRANCH" missed="2" covered="14"/><counter type="LINE" missed="0" covered="11"/><counter type="COMPLEXITY" missed="2" covered="7"/><counter type="METHOD" missed="0" covered="1"/></method><method name="createMarshaller" desc="()Ljakarta/xml/bind/Marshaller;" line="152"><counter type="INSTRUCTION" missed="0" covered="81"/><counter type="BRANCH" missed="3" covered="15"/><counter type="LINE" missed="0" covered="15"/><counter type="COMPLEXITY" missed="3" covered="7"/><counter type="METHOD" missed="0" covered="1"/></method><method name="createBinder" desc="(Ljava/lang/Class;)Ljakarta/xml/bind/Binder;" line="178"><counter type="INSTRUCTION" missed="0" covered="5"/><counter type="LINE" missed="0" covered="1"/><counter type="COMPLEXITY" missed="0" covered="1"/><counter type="METHOD" missed="0" covered="1"/></method><method name="createJAXBIntrospector" desc="()Ljakarta/xml/bind/JAXBIntrospector;" line="183"><counter type="INSTRUCTION" missed="0" covered="4"/><counter type="LINE" missed="0" covered="1"/><counter type="COMPLEXITY" missed="0" covered="1"/><counter type="METHOD" missed="0" covered="1"/></method><method name="generateSchema" desc="(Ljakarta/xml/bind/SchemaOutputResolver;)V" line="188"><counter type="INSTRUCTION" missed="0" covered="5"/><counter type="LINE" missed="0" covered="2"/><counter type="COMPLEXITY" missed="0" covered="1"/><counter type="METHOD" missed="0" covered="1"/></method><counter type="INSTRUCTION" missed="1" covered="208"/><counter type="BRANCH" missed="6" covered="30"/><counter type="LINE" missed="0" covered="45"/><counter type="COMPLEXITY" missed="6" covered="20"/><counter type="METHOD" missed="0" covered="8"/><counter type="CLASS" missed="0" covered="1"/></class><class name="org/bremersee/xml/XmlDocumentBuilderImpl" sourcefilename="XmlDocumentBuilderImpl.java"><method name="&lt;init&gt;" desc="()V" line="57"><counter type="INSTRUCTION" missed="0" covered="10"/><counter type="LINE" missed="0" covered="4"/><counter type="COMPLEXITY" missed="0" covered="1"/><counter type="METHOD" missed="0" covered="1"/></method><method name="configureFactory" desc="(Lorg/bremersee/xml/XmlDocumentBuilderFactoryConfigurator;)Lorg/bremersee/xml/XmlDocumentBuilder;" line="65"><counter type="INSTRUCTION" missed="0" covered="9"/><counter type="BRANCH" missed="1" covered="1"/><counter type="LINE" missed="0" covered="3"/><counter type="COMPLEXITY" missed="1" covered="1"/><counter type="METHOD" missed="0" covered="1"/></method><method name="configureFactory" desc="(Ljava/lang/Boolean;Ljava/lang/Boolean;Ljava/lang/Boolean;Ljava/lang/Boolean;Ljava/lang/Boolean;Ljava/lang/Boolean;Ljava/lang/Boolean;)Lorg/bremersee/xml/XmlDocumentBuilder;" line="81"><counter type="INSTRUCTION" missed="15" covered="43"/><counter type="BRANCH" missed="7" covered="7"/><counter type="LINE" missed="3" covered="12"/><counter type="COMPLEXITY" missed="7" covered="1"/><counter type="METHOD" missed="0" covered="1"/></method><method name="configureFactoryAttribute" desc="(Ljava/lang/String;Ljava/lang/Object;)Lorg/bremersee/xml/XmlDocumentBuilder;" line="107"><counter type="INSTRUCTION" missed="7" covered="0"/><counter type="LINE" missed="2" covered="0"/><counter type="COMPLEXITY" missed="1" covered="0"/><counter type="METHOD" missed="1" covered="0"/></method><method name="configureFactoryFeature" desc="(Ljava/lang/String;Z)Lorg/bremersee/xml/XmlDocumentBuilder;" line="114"><counter type="INSTRUCTION" missed="6" covered="8"/><counter type="LINE" missed="2" covered="3"/><counter type="COMPLEXITY" missed="0" covered="1"/><counter type="METHOD" missed="0" covered="1"/></method><method name="configureFactorySchema" desc="(Ljavax/xml/validation/Schema;)Lorg/bremersee/xml/XmlDocumentBuilder;" line="123"><counter type="INSTRUCTION" missed="0" covered="6"/><counter type="LINE" missed="0" covered="2"/><counter type="COMPLEXITY" missed="0" covered="1"/><counter type="METHOD" missed="0" covered="1"/></method><method name="configureEntityResolver" desc="(Lorg/xml/sax/EntityResolver;)Lorg/bremersee/xml/XmlDocumentBuilder;" line="129"><counter type="INSTRUCTION" missed="0" covered="5"/><counter type="LINE" missed="0" covered="2"/><counter type="COMPLEXITY" missed="0" covered="1"/><counter type="METHOD" missed="0" covered="1"/></method><method name="configureErrorHandler" desc="(Lorg/xml/sax/ErrorHandler;)Lorg/bremersee/xml/XmlDocumentBuilder;" line="135"><counter type="INSTRUCTION" missed="0" covered="5"/><counter type="LINE" missed="0" covered="2"/><counter type="COMPLEXITY" missed="0" covered="1"/><counter type="METHOD" missed="0" covered="1"/></method><method name="buildDocumentBuilder" desc="()Ljavax/xml/parsers/DocumentBuilder;" line="143"><counter type="INSTRUCTION" missed="6" covered="23"/><counter type="BRANCH" missed="0" covered="4"/><counter type="LINE" missed="2" covered="7"/><counter type="COMPLEXITY" missed="0" covered="3"/><counter type="METHOD" missed="0" covered="1"/></method><method name="buildDocument" desc="()Lorg/w3c/dom/Document;" line="158"><counter type="INSTRUCTION" missed="0" covered="4"/><counter type="LINE" missed="0" covered="1"/><counter type="COMPLEXITY" missed="0" covered="1"/><counter type="METHOD" missed="0" covered="1"/></method><method name="buildDocument" desc="(Ljava/io/File;)Lorg/w3c/dom/Document;" line="164"><counter type="INSTRUCTION" missed="0" covered="11"/><counter type="LINE" missed="0" covered="3"/><counter type="COMPLEXITY" missed="0" covered="1"/><counter type="METHOD" missed="0" covered="1"/></method><method name="buildDocument" desc="(Ljava/lang/String;)Lorg/w3c/dom/Document;" line="174"><counter type="INSTRUCTION" missed="0" covered="11"/><counter type="LINE" missed="0" covered="3"/><counter type="COMPLEXITY" missed="0" covered="1"/><counter type="METHOD" missed="0" covered="1"/></method><method name="buildDocument" desc="(Lorg/xml/sax/InputSource;)Lorg/w3c/dom/Document;" line="184"><counter type="INSTRUCTION" missed="0" covered="11"/><counter type="LINE" missed="0" covered="3"/><counter type="COMPLEXITY" missed="0" covered="1"/><counter type="METHOD" missed="0" covered="1"/></method><method name="buildDocument" desc="(Ljava/io/InputStream;)Lorg/w3c/dom/Document;" line="194"><counter type="INSTRUCTION" missed="0" covered="11"/><counter type="LINE" missed="0" covered="3"/><counter type="COMPLEXITY" missed="0" covered="1"/><counter type="METHOD" missed="0" covered="1"/></method><method name="buildDocument" desc="(Ljava/io/InputStream;Ljava/lang/String;)Lorg/w3c/dom/Document;" line="204"><counter type="INSTRUCTION" missed="0" covered="12"/><counter type="LINE" missed="0" covered="3"/><counter type="COMPLEXITY" missed="0" covered="1"/><counter type="METHOD" missed="0" covered="1"/></method><method name="buildDocument" desc="(Ljava/lang/Object;Ljakarta/xml/bind/JAXBContext;)Lorg/w3c/dom/Document;" line="213"><counter type="INSTRUCTION" missed="6" covered="11"/><counter type="BRANCH" missed="0" covered="2"/><counter type="LINE" missed="2" covered="3"/><counter type="COMPLEXITY" missed="0" covered="2"/><counter type="METHOD" missed="0" covered="1"/></method><method name="buildDocument" desc="(Ljava/lang/Object;Ljakarta/xml/bind/Marshaller;)Lorg/w3c/dom/Document;" line="225"><counter type="INSTRUCTION" missed="0" covered="21"/><counter type="BRANCH" missed="0" covered="2"/><counter type="LINE" missed="0" covered="8"/><counter type="COMPLEXITY" missed="0" covered="2"/><counter type="METHOD" missed="0" covered="1"/></method><counter type="INSTRUCTION" missed="40" covered="201"/><counter type="BRANCH" missed="8" covered="16"/><counter type="LINE" missed="11" covered="62"/><counter type="COMPLEXITY" missed="9" covered="20"/><counter type="METHOD" missed="1" covered="16"/><counter type="CLASS" missed="0" covered="1"/></class><class name="org/bremersee/xml/XmlDocumentBuilder" sourcefilename="XmlDocumentBuilder.java"><method name="newInstance" desc="()Lorg/bremersee/xml/XmlDocumentBuilder;" line="45"><counter type="INSTRUCTION" missed="0" covered="4"/><counter type="LINE" missed="0" covered="1"/><counter type="COMPLEXITY" missed="0" covered="1"/><counter type="METHOD" missed="0" covered="1"/></method><counter type="INSTRUCTION" missed="0" covered="4"/><counter type="LINE" missed="0" covered="1"/><counter type="COMPLEXITY" missed="0" covered="1"/><counter type="METHOD" missed="0" covered="1"/><counter type="CLASS" missed="0" covered="1"/></class><class name="org/bremersee/xml/JaxbContextBuilder" sourcefilename="JaxbContextBuilder.java"><method name="newInstance" desc="()Lorg/bremersee/xml/JaxbContextBuilder;" line="54"><counter type="INSTRUCTION" missed="0" covered="4"/><counter type="LINE" missed="0" covered="1"/><counter type="COMPLEXITY" missed="0" covered="1"/><counter type="METHOD" missed="0" covered="1"/></method><method name="addAll" desc="(Ljava/lang/Iterable;)Lorg/bremersee/xml/JaxbContextBuilder;" line="163"><counter type="INSTRUCTION" missed="0" covered="9"/><counter type="LINE" missed="0" covered="3"/><counter type="COMPLEXITY" missed="0" covered="1"/><counter type="METHOD" missed="0" covered="1"/></method><method name="addAll" desc="(Ljava/util/Iterator;)Lorg/bremersee/xml/JaxbContextBuilder;" line="175"><counter type="INSTRUCTION" missed="0" covered="16"/><counter type="LINE" missed="0" covered="7"/><counter type="COMPLEXITY" missed="0" covered="1"/><counter type="METHOD" missed="0" covered="1"/></method><method name="process" desc="(Lorg/bremersee/xml/JaxbContextDataProvider;)Lorg/bremersee/xml/JaxbContextBuilder;" line="191"><counter type="INSTRUCTION" missed="0" covered="9"/><counter type="LINE" missed="0" covered="3"/><counter type="COMPLEXITY" missed="0" covered="1"/><counter type="METHOD" missed="0" covered="1"/></method><method name="processAll" desc="(Ljava/lang/Iterable;)Lorg/bremersee/xml/JaxbContextBuilder;" line="204"><counter type="INSTRUCTION" missed="0" covered="9"/><counter type="LINE" missed="0" covered="3"/><counter type="COMPLEXITY" missed="0" covered="1"/><counter type="METHOD" missed="0" covered="1"/></method><method name="processAll" desc="(Ljava/util/Iterator;)Lorg/bremersee/xml/JaxbContextBuilder;" line="217"><counter type="INSTRUCTION" missed="0" covered="16"/><counter type="LINE" missed="0" covered="7"/><counter type="COMPLEXITY" missed="0" covered="1"/><counter type="METHOD" missed="0" covered="1"/></method><method name="canUnmarshal" desc="(Ljava/lang/Class;)Z" line="234"><counter type="INSTRUCTION" missed="0" covered="6"/><counter type="LINE" missed="0" covered="3"/><counter type="COMPLEXITY" missed="0" covered="1"/><counter type="METHOD" missed="0" covered="1"/></method><method name="canMarshal" desc="(Ljava/lang/Class;)Z" line="248"><counter type="INSTRUCTION" missed="0" covered="6"/><counter type="LINE" missed="0" covered="3"/><counter type="COMPLEXITY" missed="0" covered="1"/><counter type="METHOD" missed="0" covered="1"/></method><method name="buildMarshaller" desc="()Ljakarta/xml/bind/Marshaller;" line="271"><counter type="INSTRUCTION" missed="0" covered="4"/><counter type="LINE" missed="0" covered="1"/><counter type="COMPLEXITY" missed="0" covered="1"/><counter type="METHOD" missed="0" covered="1"/></method><method name="buildJaxbContext" desc="()Lorg/bremersee/xml/JaxbContextWrapper;" line="300"><counter type="INSTRUCTION" missed="0" covered="4"/><counter type="LINE" missed="0" covered="1"/><counter type="COMPLEXITY" missed="0" covered="1"/><counter type="METHOD" missed="0" covered="1"/></method><method name="buildSchema" desc="()Ljavax/xml/validation/Schema;" line="321"><counter type="INSTRUCTION" missed="0" covered="4"/><counter type="LINE" missed="0" covered="1"/><counter type="COMPLEXITY" missed="0" covered="1"/><counter type="METHOD" missed="0" covered="1"/></method><method name="lambda$canMarshal$10" desc="(Ljava/lang/Class;)Z" line="249"><counter type="INSTRUCTION" missed="0" covered="4"/><counter type="LINE" missed="0" covered="1"/><counter type="COMPLEXITY" missed="0" covered="1"/><counter type="METHOD" missed="0" covered="1"/></method><method name="lambda$canUnmarshal$9" desc="(Ljava/lang/Class;)Z" line="235"><counter type="INSTRUCTION" missed="5" covered="7"/><counter type="BRANCH" missed="3" covered="1"/><counter type="LINE" missed="0" covered="2"/><counter type="COMPLEXITY" missed="2" covered="1"/><counter type="METHOD" missed="0" covered="1"/></method><method name="lambda$processAll$8" desc="(Lorg/bremersee/xml/JaxbContextBuilder;Lorg/bremersee/xml/JaxbContextBuilder;)Lorg/bremersee/xml/JaxbContextBuilder;" line="222"><counter type="INSTRUCTION" missed="2" covered="0"/><counter type="LINE" missed="1" covered="0"/><counter type="COMPLEXITY" missed="1" covered="0"/><counter type="METHOD" missed="1" covered="0"/></method><method name="lambda$processAll$7" desc="(Ljava/util/Spliterator;)Ljava/util/stream/Stream;" line="220"><counter type="INSTRUCTION" missed="0" covered="4"/><counter type="LINE" missed="0" covered="1"/><counter type="COMPLEXITY" missed="0" covered="1"/><counter type="METHOD" missed="0" covered="1"/></method><method name="lambda$processAll$6" desc="(Ljava/util/Iterator;)Ljava/util/Spliterator;" line="218"><counter type="INSTRUCTION" missed="0" covered="4"/><counter type="LINE" missed="0" covered="1"/><counter type="COMPLEXITY" missed="0" covered="1"/><counter type="METHOD" missed="0" covered="1"/></method><method name="lambda$processAll$5" desc="(Ljava/lang/Iterable;)Lorg/bremersee/xml/JaxbContextBuilder;" line="205"><counter type="INSTRUCTION" missed="0" covered="5"/><counter type="LINE" missed="0" covered="1"/><counter type="COMPLEXITY" missed="0" covered="1"/><counter type="METHOD" missed="0" covered="1"/></method><method name="lambda$process$4" desc="(Lorg/bremersee/xml/JaxbContextDataProvider;)Lorg/bremersee/xml/JaxbContextBuilder;" line="192"><counter type="INSTRUCTION" missed="0" covered="5"/><counter type="LINE" missed="0" covered="1"/><counter type="COMPLEXITY" missed="0" covered="1"/><counter type="METHOD" missed="0" covered="1"/></method><method name="lambda$addAll$3" desc="(Lorg/bremersee/xml/JaxbContextBuilder;Lorg/bremersee/xml/JaxbContextBuilder;)Lorg/bremersee/xml/JaxbContextBuilder;" line="180"><counter type="INSTRUCTION" missed="0" covered="2"/><counter type="LINE" missed="0" covered="1"/><counter type="COMPLEXITY" missed="0" covered="1"/><counter type="METHOD" missed="0" covered="1"/></method><method name="lambda$addAll$2" desc="(Ljava/util/Spliterator;)Ljava/util/stream/Stream;" line="178"><counter type="INSTRUCTION" missed="0" covered="4"/><counter type="LINE" missed="0" covered="1"/><counter type="COMPLEXITY" missed="0" covered="1"/><counter type="METHOD" missed="0" covered="1"/></method><method name="lambda$addAll$1" desc="(Ljava/util/Iterator;)Ljava/util/Spliterator;" line="176"><counter type="INSTRUCTION" missed="0" covered="4"/><counter type="LINE" missed="0" covered="1"/><counter type="COMPLEXITY" missed="0" covered="1"/><counter type="METHOD" missed="0" covered="1"/></method><method name="lambda$addAll$0" desc="(Ljava/lang/Iterable;)Lorg/bremersee/xml/JaxbContextBuilder;" line="164"><counter type="INSTRUCTION" missed="0" covered="5"/><counter type="LINE" missed="0" covered="1"/><counter type="COMPLEXITY" missed="0" covered="1"/><counter type="METHOD" missed="0" covered="1"/></method><method name="&lt;clinit&gt;" desc="()V" line="45"><counter type="INSTRUCTION" missed="0" covered="5"/><counter type="LINE" missed="0" covered="1"/><counter type="COMPLEXITY" missed="0" covered="1"/><counter type="METHOD" missed="0" covered="1"/></method><counter type="INSTRUCTION" missed="7" covered="136"/><counter type="BRANCH" missed="3" covered="1"/><counter type="LINE" missed="0" covered="35"/><counter type="COMPLEXITY" missed="3" covered="22"/><counter type="METHOD" missed="1" covered="22"/><counter type="CLASS" missed="0" covered="1"/></class><class name="org/bremersee/xml/JaxbContextData" sourcefilename="JaxbContextData.java"><method name="&lt;init&gt;" desc="(Ljava/lang/Class;)V" line="59"><counter type="INSTRUCTION" missed="0" covered="6"/><counter type="LINE" missed="0" covered="2"/><counter type="COMPLEXITY" missed="0" covered="1"/><counter type="METHOD" missed="0" covered="1"/></method><method name="&lt;init&gt;" desc="(Ljava/lang/Class;Ljava/lang/String;Ljava/lang/String;)V" line="74"><counter type="INSTRUCTION" missed="0" covered="11"/><counter type="LINE" missed="0" covered="5"/><counter type="COMPLEXITY" missed="0" covered="1"/><counter type="METHOD" missed="0" covered="1"/></method><method name="&lt;init&gt;" desc="(Ljava/lang/Package;)V" line="86"><counter type="INSTRUCTION" missed="0" covered="5"/><counter type="LINE" missed="0" covered="2"/><counter type="COMPLEXITY" missed="0" covered="1"/><counter type="METHOD" missed="0" covered="1"/></method><method name="&lt;init&gt;" desc="(Ljava/lang/Class;Ljava/lang/String;)V" line="96"><counter type="INSTRUCTION" missed="0" covered="12"/><counter type="LINE" missed="0" covered="2"/><counter type="COMPLEXITY" missed="0" covered="1"/><counter type="METHOD" missed="0" covered="1"/></method><method name="&lt;init&gt;" desc="(Ljava/lang/Package;Ljava/lang/String;)V" line="111"><counter type="INSTRUCTION" missed="0" covered="9"/><counter type="LINE" missed="0" covered="4"/><counter type="COMPLEXITY" missed="0" covered="1"/><counter type="METHOD" missed="0" covered="1"/></method><method name="&lt;init&gt;" desc="(Lorg/bremersee/xml/JaxbContextMember;)V" line="116"><counter type="INSTRUCTION" missed="0" covered="26"/><counter type="LINE" missed="0" covered="8"/><counter type="COMPLEXITY" missed="0" covered="1"/><counter type="METHOD" missed="0" covered="1"/></method><method name="validate" desc="(Lorg/bremersee/xml/JaxbContextMember;)Lorg/bremersee/xml/JaxbContextMember;" line="126"><counter type="INSTRUCTION" missed="14" covered="130"/><counter type="BRANCH" missed="4" covered="20"/><counter type="LINE" missed="4" covered="31"/><counter type="COMPLEXITY" missed="4" covered="9"/><counter type="METHOD" missed="0" covered="1"/></method><method name="getPakkage" desc="()Ljava/lang/Package;" line="172"><counter type="INSTRUCTION" missed="0" covered="13"/><counter type="BRANCH" missed="0" covered="2"/><counter type="LINE" missed="0" covered="1"/><counter type="COMPLEXITY" missed="0" covered="2"/><counter type="METHOD" missed="0" covered="1"/></method><method name="getKey" desc="()Ljava/lang/Object;" line="181"><counter type="INSTRUCTION" missed="0" covered="11"/><counter type="BRANCH" missed="0" covered="2"/><counter type="LINE" missed="0" covered="1"/><counter type="COMPLEXITY" missed="0" covered="2"/><counter type="METHOD" missed="0" covered="1"/></method><method name="getJaxbClasses" desc="([Ljava/lang/ClassLoader;)Ljava/util/stream/Stream;" line="191"><counter type="INSTRUCTION" missed="0" covered="6"/><counter type="LINE" missed="0" covered="1"/><counter type="COMPLEXITY" missed="0" covered="1"/><counter type="METHOD" missed="0" covered="1"/></method><method name="getNameSpacesWithSchemaLocations" desc="()Ljava/util/stream/Stream;" line="200"><counter type="INSTRUCTION" missed="0" covered="40"/><counter type="LINE" missed="0" covered="12"/><counter type="COMPLEXITY" missed="0" covered="1"/><counter type="METHOD" missed="0" covered="1"/></method><method name="toString" desc="()Ljava/lang/String;" line="219"><counter type="INSTRUCTION" missed="5" covered="21"/><counter type="BRANCH" missed="2" covered="2"/><counter type="LINE" missed="0" covered="3"/><counter type="COMPLEXITY" missed="2" covered="1"/><counter type="METHOD" missed="0" covered="1"/></method><method name="compareTo" desc="(Lorg/bremersee/xml/JaxbContextData;)I" line="230"><counter type="INSTRUCTION" missed="8" covered="24"/><counter type="BRANCH" missed="2" covered="2"/><counter type="LINE" missed="0" covered="3"/><counter type="COMPLEXITY" missed="2" covered="1"/><counter type="METHOD" missed="0" covered="1"/></method><method name="lambda$getNameSpacesWithSchemaLocations$10" desc="(Ljava/lang/String;)Ljava/util/Optional;" line="211"><counter type="INSTRUCTION" missed="0" covered="7"/><counter type="LINE" missed="0" covered="2"/><counter type="COMPLEXITY" missed="0" covered="1"/><counter type="METHOD" missed="0" covered="1"/></method><method name="lambda$getNameSpacesWithSchemaLocations$9" desc="(Ljava/lang/String;Ljava/lang/String;)Lorg/bremersee/xml/SchemaLocation;" line="212"><counter type="INSTRUCTION" missed="0" covered="6"/><counter type="LINE" missed="0" covered="1"/><counter type="COMPLEXITY" missed="0" covered="1"/><counter type="METHOD" missed="0" covered="1"/></method><method name="lambda$getNameSpacesWithSchemaLocations$8" desc="(Ljava/lang/String;)Z" line="210"><counter type="INSTRUCTION" missed="1" covered="6"/><counter type="BRANCH" missed="1" covered="1"/><counter type="LINE" missed="0" covered="1"/><counter type="COMPLEXITY" missed="1" covered="1"/><counter type="METHOD" missed="0" covered="1"/></method><method name="lambda$getNameSpacesWithSchemaLocations$7" desc="(Ljava/lang/String;)Ljava/util/Optional;" line="207"><counter type="INSTRUCTION" missed="0" covered="7"/><counter type="LINE" missed="0" covered="2"/><counter type="COMPLEXITY" missed="0" covered="1"/><counter type="METHOD" missed="0" covered="1"/></method><method name="lambda$getNameSpacesWithSchemaLocations$6" desc="(Ljava/lang/String;Ljava/lang/String;)Lorg/bremersee/xml/SchemaLocation;" line="208"><counter type="INSTRUCTION" missed="0" covered="6"/><counter type="LINE" missed="0" covered="1"/><counter type="COMPLEXITY" missed="0" covered="1"/><counter type="METHOD" missed="0" covered="1"/></method><method name="lambda$getNameSpacesWithSchemaLocations$5" desc="(Ljava/lang/String;)Z" line="206"><counter type="INSTRUCTION" missed="1" covered="6"/><counter type="BRANCH" missed="1" covered="1"/><counter type="LINE" missed="0" covered="1"/><counter type="COMPLEXITY" missed="1" covered="1"/><counter type="METHOD" missed="0" covered="1"/></method><method name="lambda$getNameSpacesWithSchemaLocations$4" desc="(Ljava/lang/String;)Ljava/util/Optional;" line="203"><counter type="INSTRUCTION" missed="0" covered="7"/><counter type="LINE" missed="0" covered="2"/><counter type="COMPLEXITY" missed="0" covered="1"/><counter type="METHOD" missed="0" covered="1"/></method><method name="lambda$getNameSpacesWithSchemaLocations$3" desc="(Ljava/lang/String;Ljava/lang/String;)Lorg/bremersee/xml/SchemaLocation;" line="204"><counter type="INSTRUCTION" missed="0" covered="6"/><counter type="LINE" missed="0" covered="1"/><counter type="COMPLEXITY" missed="0" covered="1"/><counter type="METHOD" missed="0" covered="1"/></method><method name="lambda$getNameSpacesWithSchemaLocations$2" desc="(Ljava/lang/String;)Z" line="202"><counter type="INSTRUCTION" missed="1" covered="6"/><counter type="BRANCH" missed="1" covered="1"/><counter type="LINE" missed="0" covered="1"/><counter type="COMPLEXITY" missed="1" covered="1"/><counter type="METHOD" missed="0" covered="1"/></method><method name="lambda$validate$1" desc="(Lorg/bremersee/xml/JaxbContextMember;)Ljava/util/Optional;" line="159"><counter type="INSTRUCTION" missed="0" covered="4"/><counter type="LINE" missed="0" covered="1"/><counter type="COMPLEXITY" missed="0" covered="1"/><counter type="METHOD" missed="0" covered="1"/></method><method name="lambda$validate$0" desc="(Ljava/lang/String;)Z" line="158"><counter type="INSTRUCTION" missed="1" covered="6"/><counter type="BRANCH" missed="1" covered="1"/><counter type="LINE" missed="0" covered="1"/><counter type="COMPLEXITY" missed="1" covered="1"/><counter type="METHOD" missed="0" covered="1"/></method><counter type="INSTRUCTION" missed="31" covered="381"/><counter type="BRANCH" missed="12" covered="32"/><counter type="LINE" missed="4" covered="78"/><counter type="COMPLEXITY" missed="12" covered="34"/><counter type="METHOD" missed="0" covered="24"/><counter type="CLASS" missed="0" covered="1"/></class><class name="org/bremersee/xml/JaxbContextBuilderImpl" sourcefilename="JaxbContextBuilderImpl.java"><method name="&lt;init&gt;" desc="()V" line="56"><counter type="INSTRUCTION" missed="0" covered="30"/><counter type="LINE" missed="0" covered="9"/><counter type="COMPLEXITY" missed="0" covered="1"/><counter type="METHOD" missed="0" covered="1"/></method><method name="clearCache" desc="()V" line="88"><counter type="INSTRUCTION" missed="0" covered="7"/><counter type="LINE" missed="0" covered="3"/><counter type="COMPLEXITY" missed="0" covered="1"/><counter type="METHOD" missed="0" covered="1"/></method><method name="copy" desc="()Lorg/bremersee/xml/JaxbContextBuilder;" line="94"><counter type="INSTRUCTION" missed="0" covered="65"/><counter type="BRANCH" missed="0" covered="2"/><counter type="LINE" missed="0" covered="15"/><counter type="COMPLEXITY" missed="0" covered="2"/><counter type="METHOD" missed="0" covered="1"/></method><method name="withSchemaMode" desc="(Lorg/bremersee/xml/SchemaMode;)Lorg/bremersee/xml/JaxbContextBuilder;" line="114"><counter type="INSTRUCTION" missed="0" covered="8"/><counter type="BRANCH" missed="1" covered="1"/><counter type="LINE" missed="0" covered="3"/><counter type="COMPLEXITY" missed="1" covered="1"/><counter type="METHOD" missed="0" covered="1"/></method><method name="withSchemaBuilder" desc="(Lorg/bremersee/xml/SchemaBuilder;)Lorg/bremersee/xml/JaxbContextBuilder;" line="122"><counter type="INSTRUCTION" missed="0" covered="8"/><counter type="BRANCH" missed="1" covered="1"/><counter type="LINE" missed="0" covered="3"/><counter type="COMPLEXITY" missed="1" covered="1"/><counter type="METHOD" missed="0" covered="1"/></method><method name="withDependenciesResolver" desc="(Lorg/bremersee/xml/JaxbDependenciesResolver;)Lorg/bremersee/xml/JaxbContextBuilder;" line="130"><counter type="INSTRUCTION" missed="3" covered="29"/><counter type="BRANCH" missed="6" covered="6"/><counter type="LINE" missed="0" covered="7"/><counter type="COMPLEXITY" missed="5" covered="2"/><counter type="METHOD" missed="0" covered="1"/></method><method name="withContextClassLoader" desc="(Ljava/lang/ClassLoader;)Lorg/bremersee/xml/JaxbContextBuilder;" line="142"><counter type="INSTRUCTION" missed="0" covered="5"/><counter type="LINE" missed="0" covered="2"/><counter type="COMPLEXITY" missed="0" covered="1"/><counter type="METHOD" missed="0" covered="1"/></method><method name="withFormattedOutput" desc="(Z)Lorg/bremersee/xml/JaxbContextBuilder;" line="148"><counter type="INSTRUCTION" missed="0" covered="5"/><counter type="LINE" missed="0" covered="2"/><counter type="COMPLEXITY" missed="0" covered="1"/><counter type="METHOD" missed="0" covered="1"/></method><method name="withXmlAdapters" desc="(Ljava/util/Collection;)Lorg/bremersee/xml/JaxbContextBuilder;" line="156"><counter type="INSTRUCTION" missed="0" covered="18"/><counter type="BRANCH" missed="0" covered="2"/><counter type="LINE" missed="0" covered="7"/><counter type="COMPLEXITY" missed="0" covered="2"/><counter type="METHOD" missed="0" covered="1"/></method><method name="withAttachmentMarshaller" desc="(Ljakarta/xml/bind/attachment/AttachmentMarshaller;)Lorg/bremersee/xml/JaxbContextBuilder;" line="170"><counter type="INSTRUCTION" missed="0" covered="5"/><counter type="LINE" missed="0" covered="2"/><counter type="COMPLEXITY" missed="0" covered="1"/><counter type="METHOD" missed="0" covered="1"/></method><method name="withAttachmentUnmarshaller" desc="(Ljakarta/xml/bind/attachment/AttachmentUnmarshaller;)Lorg/bremersee/xml/JaxbContextBuilder;" line="177"><counter type="INSTRUCTION" missed="0" covered="5"/><counter type="LINE" missed="0" covered="2"/><counter type="COMPLEXITY" missed="0" covered="1"/><counter type="METHOD" missed="0" covered="1"/></method><method name="withValidationEventHandler" desc="(Ljakarta/xml/bind/ValidationEventHandler;)Lorg/bremersee/xml/JaxbContextBuilder;" line="184"><counter type="INSTRUCTION" missed="0" covered="5"/><counter type="LINE" missed="0" covered="2"/><counter type="COMPLEXITY" missed="0" covered="1"/><counter type="METHOD" missed="0" covered="1"/></method><method name="add" desc="(Lorg/bremersee/xml/JaxbContextMember;)Lorg/bremersee/xml/JaxbContextBuilder;" line="190"><counter type="INSTRUCTION" missed="0" covered="11"/><counter type="LINE" missed="0" covered="4"/><counter type="COMPLEXITY" missed="0" covered="1"/><counter type="METHOD" missed="0" covered="1"/></method><method name="buildUnmarshaller" desc="([Ljava/lang/Class;)Ljakarta/xml/bind/Unmarshaller;" line="203"><counter type="INSTRUCTION" missed="6" covered="50"/><counter type="BRANCH" missed="1" covered="11"/><counter type="LINE" missed="2" covered="13"/><counter type="COMPLEXITY" missed="1" covered="6"/><counter type="METHOD" missed="0" covered="1"/></method><method name="buildMarshaller" desc="(Ljava/lang/Object;)Ljakarta/xml/bind/Marshaller;" line="232"><counter type="INSTRUCTION" missed="6" covered="29"/><counter type="BRANCH" missed="0" covered="8"/><counter type="LINE" missed="2" covered="6"/><counter type="COMPLEXITY" missed="0" covered="5"/><counter type="METHOD" missed="0" covered="1"/></method><method name="initJaxbContext" desc="()Lorg/bremersee/xml/JaxbContextBuilder;" line="249"><counter type="INSTRUCTION" missed="0" covered="10"/><counter type="BRANCH" missed="0" covered="2"/><counter type="LINE" missed="0" covered="3"/><counter type="COMPLEXITY" missed="0" covered="2"/><counter type="METHOD" missed="0" covered="1"/></method><method name="buildJaxbContext" desc="(Ljava/lang/Object;)Lorg/bremersee/xml/JaxbContextWrapper;" line="257"><counter type="INSTRUCTION" missed="0" covered="31"/><counter type="BRANCH" missed="2" covered="8"/><counter type="LINE" missed="0" covered="6"/><counter type="COMPLEXITY" missed="2" covered="4"/><counter type="METHOD" missed="0" covered="1"/></method><method name="buildSchema" desc="(Ljava/lang/Object;)Ljavax/xml/validation/Schema;" line="271"><counter type="INSTRUCTION" missed="0" covered="4"/><counter type="LINE" missed="0" covered="1"/><counter type="COMPLEXITY" missed="0" covered="1"/><counter type="METHOD" missed="0" covered="1"/></method><method name="buildDetails" desc="()Lorg/bremersee/xml/JaxbContextDetails;" line="275"><counter type="INSTRUCTION" missed="0" covered="8"/><counter type="LINE" missed="0" covered="2"/><counter type="COMPLEXITY" missed="0" covered="1"/><counter type="METHOD" missed="0" covered="1"/></method><method name="buildDetails" desc="(Ljava/lang/Object;)Lorg/bremersee/xml/JaxbContextDetails;" line="280"><counter type="INSTRUCTION" missed="0" covered="63"/><counter type="BRANCH" missed="0" covered="10"/><counter type="LINE" missed="0" covered="15"/><counter type="COMPLEXITY" missed="0" covered="6"/><counter type="METHOD" missed="0" covered="1"/></method><method name="computeJaxbContext" desc="(Ljava/lang/Object;)Lorg/bremersee/xml/JaxbContextWrapper;" line="306"><counter type="INSTRUCTION" missed="0" covered="44"/><counter type="LINE" missed="0" covered="10"/><counter type="COMPLEXITY" missed="0" covered="1"/><counter type="METHOD" missed="0" covered="1"/></method><method name="computeSchema" desc="(Ljava/lang/Object;)Ljavax/xml/validation/Schema;" line="330"><counter type="INSTRUCTION" missed="0" covered="6"/><counter type="LINE" missed="0" covered="1"/><counter type="COMPLEXITY" missed="0" covered="1"/><counter type="METHOD" missed="0" covered="1"/></method><method name="computeSchema" desc="(Lorg/bremersee/xml/JaxbContextWrapper;)Ljavax/xml/validation/Schema;" line="334"><counter type="INSTRUCTION" missed="0" covered="12"/><counter type="LINE" missed="0" covered="2"/><counter type="COMPLEXITY" missed="0" covered="1"/><counter type="METHOD" missed="0" covered="1"/></method><method name="lambda$computeSchema$6" desc="(Lorg/bremersee/xml/JaxbContextWrapper;Lorg/bremersee/xml/JaxbContextDetails;)Ljavax/xml/validation/Schema;" line="336"><counter type="INSTRUCTION" missed="6" covered="31"/><counter type="LINE" missed="2" covered="8"/><counter type="COMPLEXITY" missed="0" covered="1"/><counter type="METHOD" missed="0" covered="1"/></method><method name="lambda$computeJaxbContext$5" desc="(Lorg/bremersee/xml/JaxbContextDetails;)Ljakarta/xml/bind/JAXBContext;" line="309"><counter type="INSTRUCTION" missed="14" covered="21"/><counter type="BRANCH" missed="0" covered="2"/><counter type="LINE" missed="3" covered="3"/><counter type="COMPLEXITY" missed="0" covered="2"/><counter type="METHOD" missed="0" covered="1"/></method><method name="lambda$buildDetails$4" desc="(Lorg/bremersee/xml/JaxbContextData;)Lorg/bremersee/xml/JaxbContextData;" line="298"><counter type="INSTRUCTION" missed="0" covered="10"/><counter type="LINE" missed="0" covered="1"/><counter type="COMPLEXITY" missed="0" covered="1"/><counter type="METHOD" missed="0" covered="1"/></method><method name="lambda$buildDetails$3" desc="(Lorg/bremersee/xml/JaxbContextData;Ljava/lang/Object;)Lorg/bremersee/xml/JaxbContextData;" line="299"><counter type="INSTRUCTION" missed="0" covered="4"/><counter type="LINE" missed="0" covered="2"/><counter type="COMPLEXITY" missed="0" covered="1"/><counter type="METHOD" missed="0" covered="1"/></method><method name="lambda$buildUnmarshaller$2" desc="(Lorg/bremersee/xml/JaxbContextData;)V" line="209"><counter type="INSTRUCTION" missed="0" covered="10"/><counter type="LINE" missed="0" covered="1"/><counter type="COMPLEXITY" missed="0" covered="1"/><counter type="METHOD" missed="0" covered="1"/></method><method name="lambda$buildUnmarshaller$1" desc="(Lorg/bremersee/xml/JaxbContextData;Ljava/lang/Object;)Lorg/bremersee/xml/JaxbContextData;" line="210"><counter type="INSTRUCTION" missed="0" covered="4"/><counter type="LINE" missed="0" covered="2"/><counter type="COMPLEXITY" missed="0" covered="1"/><counter type="METHOD" missed="0" covered="1"/></method><method name="lambda$add$0" desc="(Lorg/bremersee/xml/JaxbContextData;)Lorg/bremersee/xml/JaxbContextBuilderImpl;" line="193"><counter type="INSTRUCTION" missed="0" covered="11"/><counter type="LINE" missed="0" covered="3"/><counter type="COMPLEXITY" missed="0" covered="1"/><counter type="METHOD" missed="0" covered="1"/></method><counter type="INSTRUCTION" missed="35" covered="549"/><counter type="BRANCH" missed="11" covered="53"/><counter type="LINE" missed="9" covered="138"/><counter type="COMPLEXITY" missed="10" covered="52"/><counter type="METHOD" missed="0" covered="30"/><counter type="CLASS" missed="0" covered="1"/></class><class name="org/bremersee/xml/SchemaMode" sourcefilename="SchemaMode.java"><method name="&lt;clinit&gt;" desc="()V" line="24"><counter type="INSTRUCTION" missed="0" covered="33"/><counter type="LINE" missed="0" covered="6"/><counter type="COMPLEXITY" missed="0" covered="1"/><counter type="METHOD" missed="0" covered="1"/></method><counter type="INSTRUCTION" missed="0" covered="33"/><counter type="LINE" missed="0" covered="6"/><counter type="COMPLEXITY" missed="0" covered="1"/><counter type="METHOD" missed="0" covered="1"/><counter type="CLASS" missed="0" covered="1"/></class><class name="org/bremersee/xml/SchemaBuilderImpl" sourcefilename="SchemaBuilderImpl.java"><method name="createSchemaFactory" desc="()Ljavax/xml/validation/SchemaFactory;" line="109"><counter type="INSTRUCTION" missed="9" covered="87"/><counter type="BRANCH" missed="1" covered="11"/><counter type="LINE" missed="1" covered="19"/><counter type="COMPLEXITY" missed="1" covered="6"/><counter type="METHOD" missed="0" covered="1"/></method><method name="copy" desc="()Lorg/bremersee/xml/SchemaBuilderImpl;" line="141"><counter type="INSTRUCTION" missed="0" covered="40"/><counter type="LINE" missed="0" covered="10"/><counter type="COMPLEXITY" missed="0" covered="1"/><counter type="METHOD" missed="0" covered="1"/></method><method name="withSchemaLanguage" desc="(Ljava/lang/String;)Lorg/bremersee/xml/SchemaBuilder;" line="155"><counter type="INSTRUCTION" missed="3" covered="5"/><counter type="BRANCH" missed="1" covered="1"/><counter type="LINE" missed="1" covered="2"/><counter type="COMPLEXITY" missed="1" covered="1"/><counter type="METHOD" missed="0" covered="1"/></method><method name="withFactory" desc="(Ljava/lang/String;)Lorg/bremersee/xml/SchemaBuilder;" line="163"><counter type="INSTRUCTION" missed="0" covered="5"/><counter type="LINE" missed="0" covered="2"/><counter type="COMPLEXITY" missed="0" covered="1"/><counter type="METHOD" missed="0" covered="1"/></method><method name="withClassLoader" desc="(Ljava/lang/ClassLoader;)Lorg/bremersee/xml/SchemaBuilder;" line="169"><counter type="INSTRUCTION" missed="0" covered="5"/><counter type="LINE" missed="0" covered="2"/><counter type="COMPLEXITY" missed="0" covered="1"/><counter type="METHOD" missed="0" covered="1"/></method><method name="withResourceLoader" desc="(Lorg/springframework/core/io/ResourceLoader;)Lorg/bremersee/xml/SchemaBuilder;" line="175"><counter type="INSTRUCTION" missed="0" covered="8"/><counter type="BRANCH" missed="0" covered="2"/><counter type="LINE" missed="0" covered="3"/><counter type="COMPLEXITY" missed="0" covered="2"/><counter type="METHOD" missed="0" covered="1"/></method><method name="withResourceResolver" desc="(Lorg/w3c/dom/ls/LSResourceResolver;)Lorg/bremersee/xml/SchemaBuilder;" line="183"><counter type="INSTRUCTION" missed="0" covered="5"/><counter type="LINE" missed="0" covered="2"/><counter type="COMPLEXITY" missed="0" covered="1"/><counter type="METHOD" missed="0" covered="1"/></method><method name="withErrorHandler" desc="(Lorg/xml/sax/ErrorHandler;)Lorg/bremersee/xml/SchemaBuilder;" line="189"><counter type="INSTRUCTION" missed="0" covered="5"/><counter type="LINE" missed="0" covered="2"/><counter type="COMPLEXITY" missed="0" covered="1"/><counter type="METHOD" missed="0" covered="1"/></method><method name="withFeature" desc="(Ljava/lang/String;Ljava/lang/Boolean;)Lorg/bremersee/xml/SchemaBuilder;" line="195"><counter type="INSTRUCTION" missed="0" covered="11"/><counter type="BRANCH" missed="0" covered="2"/><counter type="LINE" missed="0" covered="3"/><counter type="COMPLEXITY" missed="0" covered="2"/><counter type="METHOD" missed="0" covered="1"/></method><method name="withProperty" desc="(Ljava/lang/String;Ljava/lang/Object;)Lorg/bremersee/xml/SchemaBuilder;" line="203"><counter type="INSTRUCTION" missed="0" covered="11"/><counter type="BRANCH" missed="0" covered="2"/><counter type="LINE" missed="0" covered="3"/><counter type="COMPLEXITY" missed="0" covered="2"/><counter type="METHOD" missed="0" covered="1"/></method><method name="fetchSchemaSources" desc="(Ljava/util/Collection;)Ljava/util/List;" line="211"><counter type="INSTRUCTION" missed="0" covered="52"/><counter type="BRANCH" missed="0" covered="4"/><counter type="LINE" missed="0" covered="12"/><counter type="COMPLEXITY" missed="0" covered="3"/><counter type="METHOD" missed="0" covered="1"/></method><method name="buildSchema" desc="(Ljava/net/URL;)Ljavax/xml/validation/Schema;" line="229"><counter type="INSTRUCTION" missed="0" covered="18"/><counter type="BRANCH" missed="0" covered="2"/><counter type="LINE" missed="0" covered="5"/><counter type="COMPLEXITY" missed="0" covered="2"/><counter type="METHOD" missed="0" covered="1"/></method><method name="buildSchema" desc="(Ljava/io/File;)Ljavax/xml/validation/Schema;" line="241"><counter type="INSTRUCTION" missed="0" covered="18"/><counter type="BRANCH" missed="0" covered="2"/><counter type="LINE" missed="0" covered="5"/><counter type="COMPLEXITY" missed="0" covered="2"/><counter type="METHOD" missed="0" covered="1"/></method><method name="buildSchema" desc="([Ljavax/xml/transform/Source;)Ljavax/xml/validation/Schema;" line="253"><counter type="INSTRUCTION" missed="0" covered="18"/><counter type="BRANCH" missed="0" covered="2"/><counter type="LINE" missed="0" covered="5"/><counter type="COMPLEXITY" missed="0" covered="2"/><counter type="METHOD" missed="0" covered="1"/></method><counter type="INSTRUCTION" missed="12" covered="288"/><counter type="BRANCH" missed="2" covered="28"/><counter type="LINE" missed="2" covered="75"/><counter type="COMPLEXITY" missed="2" covered="27"/><counter type="METHOD" missed="0" covered="14"/><counter type="CLASS" missed="0" covered="1"/></class><class name="org/bremersee/xml/JaxbDependenciesResolverImpl$XmlMethodFilter" sourcefilename="JaxbDependenciesResolverImpl.java"><method name="&lt;init&gt;" desc="(Ljava/lang/Class;)V" line="368"><counter type="INSTRUCTION" missed="0" covered="16"/><counter type="LINE" missed="0" covered="6"/><counter type="COMPLEXITY" missed="0" covered="1"/><counter type="METHOD" missed="0" covered="1"/></method><method name="matches" desc="(Ljava/lang/reflect/Method;)Z" line="380"><counter type="INSTRUCTION" missed="6" covered="45"/><counter type="BRANCH" missed="8" covered="11"/><counter type="LINE" missed="1" covered="10"/><counter type="COMPLEXITY" missed="7" covered="4"/><counter type="METHOD" missed="0" covered="1"/></method><method name="lambda$new$0" desc="(Ljava/lang/Class;)Ljakarta/xml/bind/annotation/XmlAccessType;" line="373"><counter type="INSTRUCTION" missed="0" covered="12"/><counter type="LINE" missed="0" covered="3"/><counter type="COMPLEXITY" missed="0" covered="1"/><counter type="METHOD" missed="0" covered="1"/></method><counter type="INSTRUCTION" missed="6" covered="73"/><counter type="BRANCH" missed="8" covered="11"/><counter type="LINE" missed="1" covered="19"/><counter type="COMPLEXITY" missed="7" covered="6"/><counter type="METHOD" missed="0" covered="3"/><counter type="CLASS" missed="0" covered="1"/></class><class name="org/bremersee/xml/JaxbDependenciesResolverImpl$XmlFieldFilter" sourcefilename="JaxbDependenciesResolverImpl.java"><method name="&lt;init&gt;" desc="(Ljava/lang/Class;)V" line="329"><counter type="INSTRUCTION" missed="0" covered="16"/><counter type="LINE" missed="0" covered="6"/><counter type="COMPLEXITY" missed="0" covered="1"/><counter type="METHOD" missed="0" covered="1"/></method><method name="matches" desc="(Ljava/lang/reflect/Field;)Z" line="341"><counter type="INSTRUCTION" missed="3" covered="33"/><counter type="BRANCH" missed="4" covered="9"/><counter type="LINE" missed="1" covered="8"/><counter type="COMPLEXITY" missed="4" covered="4"/><counter type="METHOD" missed="0" covered="1"/></method><method name="lambda$new$0" desc="(Ljava/lang/Class;)Ljakarta/xml/bind/annotation/XmlAccessType;" line="334"><counter type="INSTRUCTION" missed="0" covered="12"/><counter type="LINE" missed="0" covered="3"/><counter type="COMPLEXITY" missed="0" covered="1"/><counter type="METHOD" missed="0" covered="1"/></method><counter type="INSTRUCTION" missed="3" covered="61"/><counter type="BRANCH" missed="4" covered="9"/><counter type="LINE" missed="1" covered="17"/><counter type="COMPLEXITY" missed="4" covered="6"/><counter type="METHOD" missed="0" covered="3"/><counter type="CLASS" missed="0" covered="1"/></class><class name="org/bremersee/xml/JaxbDependenciesResolverImpl$XmlMethodCallback" sourcefilename="JaxbDependenciesResolverImpl.java"><method name="&lt;init&gt;" desc="(Lorg/bremersee/xml/JaxbDependenciesResolverImpl;Ljava/lang/Object;Ljava/util/Set;)V" line="280"><counter type="INSTRUCTION" missed="0" covered="12"/><counter type="LINE" missed="0" covered="4"/><counter type="COMPLEXITY" missed="0" covered="1"/><counter type="METHOD" missed="0" covered="1"/></method><method name="doWith" desc="(Ljava/lang/reflect/Method;)V" line="286"><counter type="INSTRUCTION" missed="60" covered="58"/><counter type="BRANCH" missed="7" covered="9"/><counter type="LINE" missed="6" covered="12"/><counter type="COMPLEXITY" missed="5" covered="4"/><counter type="METHOD" missed="0" covered="1"/></method><counter type="INSTRUCTION" missed="60" covered="70"/><counter type="BRANCH" missed="7" covered="9"/><counter type="LINE" missed="6" covered="16"/><counter type="COMPLEXITY" missed="5" covered="5"/><counter type="METHOD" missed="0" covered="2"/><counter type="CLASS" missed="0" covered="1"/></class><class name="org/bremersee/xml/JaxbDependenciesResolverImpl" sourcefilename="JaxbDependenciesResolverImpl.java"><method name="resolveClasses" desc="(Ljava/lang/Object;)[Ljava/lang/Class;" line="95"><counter type="INSTRUCTION" missed="0" covered="43"/><counter type="BRANCH" missed="0" covered="4"/><counter type="LINE" missed="0" covered="9"/><counter type="COMPLEXITY" missed="0" covered="3"/><counter type="METHOD" missed="0" covered="1"/></method><method name="resolveClasses" desc="(Ljava/lang/Object;Ljava/util/Set;)Z" line="110"><counter type="INSTRUCTION" missed="7" covered="86"/><counter type="BRANCH" missed="3" covered="11"/><counter type="LINE" missed="2" covered="19"/><counter type="COMPLEXITY" missed="3" covered="5"/><counter type="METHOD" missed="0" covered="1"/></method><method name="resolveClasses" desc="(Ljava/lang/Class;Ljava/util/Set;)V" line="146"><counter type="INSTRUCTION" missed="0" covered="46"/><counter type="BRANCH" missed="0" covered="2"/><counter type="LINE" missed="0" covered="8"/><counter type="COMPLEXITY" missed="0" covered="2"/><counter type="METHOD" missed="0" covered="1"/></method><method name="resolveSuperClasses" desc="(Ljava/lang/Class;Ljava/lang/Object;Ljava/util/Set;)V" line="168"><counter type="INSTRUCTION" missed="0" covered="21"/><counter type="BRANCH" missed="0" covered="2"/><counter type="LINE" missed="0" covered="4"/><counter type="COMPLEXITY" missed="0" covered="2"/><counter type="METHOD" missed="0" covered="1"/></method><method name="stopResolving" desc="(Ljava/lang/Class;Ljava/lang/Object;Ljava/util/Set;)Z" line="176"><counter type="INSTRUCTION" missed="0" covered="23"/><counter type="BRANCH" missed="1" covered="7"/><counter type="LINE" missed="0" covered="3"/><counter type="COMPLEXITY" missed="1" covered="4"/><counter type="METHOD" missed="0" covered="1"/></method><method name="isAnnotatedWithXml" desc="(Ljava/lang/Class;)Z" line="182"><counter type="INSTRUCTION" missed="0" covered="12"/><counter type="BRANCH" missed="0" covered="4"/><counter type="LINE" missed="0" covered="2"/><counter type="COMPLEXITY" missed="0" covered="3"/><counter type="METHOD" missed="0" covered="1"/></method><method name="processXmlAnnotations" desc="(Ljava/lang/reflect/AnnotatedElement;Ljava/util/Set;)V" line="188"><counter type="INSTRUCTION" missed="0" covered="37"/><counter type="LINE" missed="0" covered="11"/><counter type="COMPLEXITY" missed="0" covered="1"/><counter type="METHOD" missed="0" covered="1"/></method><method name="processXmlElement" desc="(Ljakarta/xml/bind/annotation/XmlElement;Ljava/util/Set;)V" line="202"><counter type="INSTRUCTION" missed="0" covered="11"/><counter type="LINE" missed="0" covered="5"/><counter type="COMPLEXITY" missed="0" covered="1"/><counter type="METHOD" missed="0" covered="1"/></method><method name="processXmlElementRef" desc="(Ljakarta/xml/bind/annotation/XmlElementRef;Ljava/util/Set;)V" line="210"><counter type="INSTRUCTION" missed="0" covered="11"/><counter type="LINE" missed="0" covered="5"/><counter type="COMPLEXITY" missed="0" covered="1"/><counter type="METHOD" missed="0" covered="1"/></method><method name="anyXmlAnnotationPresent" desc="(Ljava/lang/reflect/AnnotatedElement;)Z" line="317"><counter type="INSTRUCTION" missed="0" covered="9"/><counter type="LINE" missed="0" covered="1"/><counter type="COMPLEXITY" missed="0" covered="1"/><counter type="METHOD" missed="0" covered="1"/></method><method name="lambda$processXmlElementRef$11" desc="(Ljava/util/Set;Ljava/lang/Class;)V" line="213"><counter type="INSTRUCTION" missed="5" covered="0"/><counter type="LINE" missed="1" covered="0"/><counter type="COMPLEXITY" missed="1" covered="0"/><counter type="METHOD" missed="1" covered="0"/></method><method name="lambda$processXmlElementRef$10" desc="(Ljava/lang/Class;)Z" line="212"><counter type="INSTRUCTION" missed="8" covered="0"/><counter type="BRANCH" missed="2" covered="0"/><counter type="LINE" missed="1" covered="0"/><counter type="COMPLEXITY" missed="2" covered="0"/><counter type="METHOD" missed="1" covered="0"/></method><method name="lambda$processXmlElement$9" desc="(Ljava/util/Set;Ljava/lang/Class;)V" line="205"><counter type="INSTRUCTION" missed="5" covered="0"/><counter type="LINE" missed="1" covered="0"/><counter type="COMPLEXITY" missed="1" covered="0"/><counter type="METHOD" missed="1" covered="0"/></method><method name="lambda$processXmlElement$8" desc="(Ljava/lang/Class;)Z" line="204"><counter type="INSTRUCTION" missed="2" covered="6"/><counter type="BRANCH" missed="1" covered="1"/><counter type="LINE" missed="0" covered="1"/><counter type="COMPLEXITY" missed="1" covered="1"/><counter type="METHOD" missed="0" covered="1"/></method><method name="lambda$processXmlAnnotations$7" desc="(Ljava/util/Set;[Ljakarta/xml/bind/annotation/XmlElementRef;)V" line="198"><counter type="INSTRUCTION" missed="7" covered="0"/><counter type="LINE" missed="1" covered="0"/><counter type="COMPLEXITY" missed="1" covered="0"/><counter type="METHOD" missed="1" covered="0"/></method><method name="lambda$processXmlAnnotations$6" desc="(Ljava/util/Set;Ljakarta/xml/bind/annotation/XmlElementRef;)V" line="198"><counter type="INSTRUCTION" missed="5" covered="0"/><counter type="LINE" missed="1" covered="0"/><counter type="COMPLEXITY" missed="1" covered="0"/><counter type="METHOD" missed="1" covered="0"/></method><method name="lambda$processXmlAnnotations$5" desc="(Ljava/util/Set;[Ljakarta/xml/bind/annotation/XmlElement;)V" line="192"><counter type="INSTRUCTION" missed="7" covered="0"/><counter type="LINE" missed="1" covered="0"/><counter type="COMPLEXITY" missed="1" covered="0"/><counter type="METHOD" missed="1" covered="0"/></method><method name="lambda$processXmlAnnotations$4" desc="(Ljava/util/Set;Ljakarta/xml/bind/annotation/XmlElement;)V" line="192"><counter type="INSTRUCTION" missed="5" covered="0"/><counter type="LINE" missed="1" covered="0"/><counter type="COMPLEXITY" missed="1" covered="0"/><counter type="METHOD" missed="1" covered="0"/></method><method name="lambda$resolveClasses$3" desc="(Ljava/util/Set;Ljakarta/xml/bind/annotation/XmlSeeAlso;)V" line="159"><counter type="INSTRUCTION" missed="8" covered="0"/><counter type="LINE" missed="2" covered="0"/><counter type="COMPLEXITY" missed="1" covered="0"/><counter type="METHOD" missed="1" covered="0"/></method><method name="lambda$resolveClasses$2" desc="(Ljava/util/Set;Ljava/lang/Class;)V" line="160"><counter type="INSTRUCTION" missed="5" covered="0"/><counter type="LINE" missed="1" covered="0"/><counter type="COMPLEXITY" missed="1" covered="0"/><counter type="METHOD" missed="1" covered="0"/></method><method name="lambda$resolveClasses$1" desc="(Ljava/util/Set;Ljakarta/xml/bind/annotation/XmlSeeAlso;)V" line="140"><counter type="INSTRUCTION" missed="8" covered="0"/><counter type="LINE" missed="2" covered="0"/><counter type="COMPLEXITY" missed="1" covered="0"/><counter type="METHOD" missed="1" covered="0"/></method><method name="lambda$resolveClasses$0" desc="(Ljava/util/Set;Ljava/lang/Class;)V" line="141"><counter type="INSTRUCTION" missed="5" covered="0"/><counter type="LINE" missed="1" covered="0"/><counter type="COMPLEXITY" missed="1" covered="0"/><counter type="METHOD" missed="1" covered="0"/></method><method name="&lt;clinit&gt;" desc="()V" line="77"><counter type="INSTRUCTION" missed="0" covered="56"/><counter type="LINE" missed="0" covered="1"/><counter type="COMPLEXITY" missed="0" covered="1"/><counter type="METHOD" missed="0" covered="1"/></method><counter type="INSTRUCTION" missed="77" covered="361"/><counter type="BRANCH" missed="7" covered="31"/><counter type="LINE" missed="4" covered="68"/><counter type="COMPLEXITY" missed="17" covered="25"/><counter type="METHOD" missed="11" covered="12"/><counter type="CLASS" missed="0" covered="1"/></class><class name="org/bremersee/xml/JaxbContextDetails" sourcefilename="JaxbContextDetails.java"><method name="contextDataCollector" desc="()Ljava/util/stream/Collector;" line="43"><counter type="INSTRUCTION" missed="0" covered="7"/><counter type="LINE" missed="0" covered="1"/><counter type="COMPLEXITY" missed="0" covered="1"/><counter type="METHOD" missed="0" covered="1"/></method><method name="empty" desc="()Lorg/bremersee/xml/JaxbContextDetails;" line="60"><counter type="INSTRUCTION" missed="0" covered="4"/><counter type="LINE" missed="0" covered="1"/><counter type="COMPLEXITY" missed="0" covered="1"/><counter type="METHOD" missed="0" covered="1"/></method><method name="getNameSpacesWithSchemaLocations" desc="()Ljava/util/Set;" line="91"><counter type="INSTRUCTION" missed="0" covered="10"/><counter type="LINE" missed="0" covered="3"/><counter type="COMPLEXITY" missed="0" covered="1"/><counter type="METHOD" missed="0" covered="1"/></method><method name="getNameSpaces" desc="()Ljava/util/Set;" line="108"><counter type="INSTRUCTION" missed="0" covered="10"/><counter type="LINE" missed="0" covered="3"/><counter type="COMPLEXITY" missed="0" covered="1"/><counter type="METHOD" missed="0" covered="1"/></method><method name="getSchemaLocations" desc="()Ljava/util/Set;" line="128"><counter type="INSTRUCTION" missed="0" covered="10"/><counter type="LINE" missed="0" covered="3"/><counter type="COMPLEXITY" missed="0" covered="1"/><counter type="METHOD" missed="0" covered="1"/></method><method name="schemaLocationToArray" desc="(Ljava/lang/String;)[Ljava/lang/String;" line="140"><counter type="INSTRUCTION" missed="0" covered="12"/><counter type="LINE" missed="0" covered="5"/><counter type="COMPLEXITY" missed="0" covered="1"/><counter type="METHOD" missed="0" covered="1"/></method><method name="lambda$schemaLocationToArray$7" desc="()[Ljava/lang/String;" line="144"><counter type="INSTRUCTION" missed="3" covered="0"/><counter type="LINE" missed="1" covered="0"/><counter type="COMPLEXITY" missed="1" covered="0"/><counter type="METHOD" missed="1" covered="0"/></method><method name="lambda$schemaLocationToArray$6" desc="(Ljava/lang/String;)[Ljava/lang/String;" line="143"><counter type="INSTRUCTION" missed="0" covered="4"/><counter type="LINE" missed="0" covered="1"/><counter type="COMPLEXITY" missed="0" covered="1"/><counter type="METHOD" missed="0" covered="1"/></method><method name="lambda$schemaLocationToArray$5" desc="(Ljava/lang/String;)Ljava/lang/String;" line="142"><counter type="INSTRUCTION" missed="0" covered="5"/><counter type="LINE" missed="0" covered="1"/><counter type="COMPLEXITY" missed="0" covered="1"/><counter type="METHOD" missed="0" covered="1"/></method><method name="lambda$schemaLocationToArray$4" desc="(Ljava/lang/String;)Ljava/lang/String;" line="141"><counter type="INSTRUCTION" missed="0" covered="5"/><counter type="LINE" missed="0" covered="1"/><counter type="COMPLEXITY" missed="0" covered="1"/><counter type="METHOD" missed="0" covered="1"/></method><method name="lambda$getSchemaLocations$3" desc="([Ljava/lang/String;)Ljava/util/Set;" line="130"><counter type="INSTRUCTION" missed="0" covered="23"/><counter type="BRANCH" missed="0" covered="2"/><counter type="LINE" missed="0" covered="4"/><counter type="COMPLEXITY" missed="0" covered="2"/><counter type="METHOD" missed="0" covered="1"/></method><method name="lambda$getNameSpaces$2" desc="([Ljava/lang/String;)Ljava/util/Set;" line="110"><counter type="INSTRUCTION" missed="0" covered="23"/><counter type="BRANCH" missed="0" covered="2"/><counter type="LINE" missed="0" covered="4"/><counter type="COMPLEXITY" missed="0" covered="2"/><counter type="METHOD" missed="0" covered="1"/></method><method name="lambda$getNameSpacesWithSchemaLocations$1" desc="([Ljava/lang/String;)Ljava/util/Set;" line="93"><counter type="INSTRUCTION" missed="0" covered="29"/><counter type="BRANCH" missed="0" covered="2"/><counter type="LINE" missed="0" covered="4"/><counter type="COMPLEXITY" missed="0" covered="2"/><counter type="METHOD" missed="0" covered="1"/></method><method name="lambda$contextDataCollector$0" desc="(Lorg/bremersee/xml/JaxbContextDetails$JaxbContextDetailsImpl;Lorg/bremersee/xml/JaxbContextDetails$JaxbContextDetailsImpl;)Lorg/bremersee/xml/JaxbContextDetails$JaxbContextDetailsImpl;" line="44"><counter type="INSTRUCTION" missed="17" covered="0"/><counter type="BRANCH" missed="2" covered="0"/><counter type="LINE" missed="5" covered="0"/><counter type="COMPLEXITY" missed="2" covered="0"/><counter type="METHOD" missed="1" covered="0"/></method><counter type="INSTRUCTION" missed="20" covered="142"/><counter type="BRANCH" missed="2" covered="6"/><counter type="LINE" missed="5" covered="28"/><counter type="COMPLEXITY" missed="3" covered="15"/><counter type="METHOD" missed="2" covered="12"/><counter type="CLASS" missed="0" covered="1"/></class><class name="org/bremersee/xml/JaxbDependenciesResolver" sourcefilename="JaxbDependenciesResolver.java"/><class name="org/bremersee/xml/SchemaSourcesResolver" sourcefilename="SchemaSourcesResolver.java"><method name="createOutput" desc="(Ljava/lang/String;Ljava/lang/String;)Ljavax/xml/transform/Result;" line="50"><counter type="INSTRUCTION" missed="0" covered="20"/><counter type="LINE" missed="0" covered="5"/><counter type="COMPLEXITY" missed="0" covered="1"/><counter type="METHOD" missed="0" covered="1"/></method><method name="toSources" desc="(Ljava/util/Collection;)Ljava/util/List;" line="64"><counter type="INSTRUCTION" missed="0" covered="59"/><counter type="BRANCH" missed="1" covered="3"/><counter type="LINE" missed="0" covered="12"/><counter type="COMPLEXITY" missed="1" covered="2"/><counter type="METHOD" missed="0" covered="1"/></method><counter type="INSTRUCTION" missed="0" covered="79"/><counter type="BRANCH" missed="1" covered="3"/><counter type="LINE" missed="0" covered="17"/><counter type="COMPLEXITY" missed="1" covered="3"/><counter type="METHOD" missed="0" covered="2"/><counter type="CLASS" missed="0" covered="1"/></class><class name="org/bremersee/xml/JaxbContextDetails$JaxbContextDetailsImpl" sourcefilename="JaxbContextDetails.java"><method name="getSchemaLocation" desc="()Ljava/lang/String;" line="158"><counter type="INSTRUCTION" missed="0" covered="13"/><counter type="LINE" missed="0" covered="6"/><counter type="COMPLEXITY" missed="0" covered="1"/><counter type="METHOD" missed="0" covered="1"/></method><method name="getClasses" desc="([Ljava/lang/ClassLoader;)[Ljava/lang/Class;" line="168"><counter type="INSTRUCTION" missed="0" covered="10"/><counter type="LINE" missed="0" covered="5"/><counter type="COMPLEXITY" missed="0" covered="1"/><counter type="METHOD" missed="0" covered="1"/></method><method name="lambda$getClasses$0" desc="([Ljava/lang/ClassLoader;Lorg/bremersee/xml/JaxbContextData;)Ljava/util/stream/Stream;" line="171"><counter type="INSTRUCTION" missed="0" covered="4"/><counter type="LINE" missed="0" covered="1"/><counter type="COMPLEXITY" missed="0" covered="1"/><counter type="METHOD" missed="0" covered="1"/></method><counter type="INSTRUCTION" missed="0" covered="27"/><counter type="LINE" missed="0" covered="11"/><counter type="COMPLEXITY" missed="0" covered="3"/><counter type="METHOD" missed="0" covered="3"/><counter type="CLASS" missed="0" covered="1"/></class><class name="org/bremersee/xml/SchemaLocation" sourcefilename="SchemaLocation.java"><method name="toString" desc="()Ljava/lang/String;" line="41"><counter type="INSTRUCTION" missed="0" covered="6"/><counter type="LINE" missed="0" covered="1"/><counter type="COMPLEXITY" missed="0" covered="1"/><counter type="METHOD" missed="0" covered="1"/></method><method name="compareTo" desc="(Lorg/bremersee/xml/SchemaLocation;)I" line="46"><counter type="INSTRUCTION" missed="0" covered="6"/><counter type="LINE" missed="0" covered="1"/><counter type="COMPLEXITY" missed="0" covered="1"/><counter type="METHOD" missed="0" covered="1"/></method><counter type="INSTRUCTION" missed="0" covered="12"/><counter type="LINE" missed="0" covered="2"/><counter type="COMPLEXITY" missed="0" covered="2"/><counter type="METHOD" missed="0" covered="2"/><counter type="CLASS" missed="0" covered="1"/></class><sourcefile name="JaxbDependenciesResolver.java"/><sourcefile name="JaxbContextDetails.java"><line nr="43" mi="0" ci="7" mb="0" cb="0"/><line nr="44" mi="5" ci="0" mb="2" cb="0"/><line nr="45" mi="4" ci="0" mb="0" cb="0"/><line nr="46" mi="2" ci="0" mb="0" cb="0"/><line nr="48" mi="4" ci="0" mb="0" cb="0"/><line nr="49" mi="2" ci="0" mb="0" cb="0"/><line nr="60" mi="0" ci="4" mb="0" cb="0"/><line nr="91" mi="0" ci="6" mb="0" cb="0"/><line nr="92" mi="0" ci="2" mb="0" cb="0"/><line nr="93" mi="0" ci="4" mb="0" cb="0"/><line nr="94" mi="0" ci="11" mb="0" cb="2"/><line nr="95" mi="0" ci="12" mb="0" cb="0"/><line nr="97" mi="0" ci="2" mb="0" cb="0"/><line nr="99" mi="0" ci="2" mb="0" cb="0"/><line nr="108" mi="0" ci="6" mb="0" cb="0"/><line nr="109" mi="0" ci="2" mb="0" cb="0"/><line nr="110" mi="0" ci="4" mb="0" cb="0"/><line nr="111" mi="0" ci="11" mb="0" cb="2"/><line nr="112" mi="0" ci="6" mb="0" cb="0"/><line nr="114" mi="0" ci="2" mb="0" cb="0"/><line nr="116" mi="0" ci="2" mb="0" cb="0"/><line nr="128" mi="0" ci="6" mb="0" cb="0"/><line nr="129" mi="0" ci="1" mb="0" cb="0"/><line nr="130" mi="0" ci="4" mb="0" cb="0"/><line nr="131" mi="0" ci="11" mb="0" cb="2"/><line nr="132" mi="0" ci="6" mb="0" cb="0"/><line nr="134" mi="0" ci="2" mb="0" cb="0"/><line nr="136" mi="0" ci="3" mb="0" cb="0"/><line nr="140" mi="0" ci="4" mb="0" cb="0"/><line nr="141" mi="0" ci="7" mb="0" cb="0"/><line nr="142" mi="0" ci="7" mb="0" cb="0"/><line nr="143" mi="0" ci="6" mb="0" cb="0"/><line nr="144" mi="3" ci="2" mb="0" cb="0"/><line nr="158" mi="0" ci="4" mb="0" cb="0"/><line nr="159" mi="0" ci="1" mb="0" cb="0"/><line nr="160" mi="0" ci="1" mb="0" cb="0"/><line nr="161" mi="0" ci="2" mb="0" cb="0"/><line nr="162" mi="0" ci="2" mb="0" cb="0"/><line nr="163" mi="0" ci="3" mb="0" cb="0"/><line nr="168" mi="0" ci="2" mb="0" cb="0"/><line nr="169" mi="0" ci="1" mb="0" cb="0"/><line nr="170" mi="0" ci="3" mb="0" cb="0"/><line nr="171" mi="0" ci="5" mb="0" cb="0"/><line nr="172" mi="0" ci="3" mb="0" cb="0"/><counter type="INSTRUCTION" missed="20" covered="169"/><counter type="BRANCH" missed="2" covered="6"/><counter type="LINE" missed="5" covered="39"/><counter type="COMPLEXITY" missed="3" covered="18"/><counter type="METHOD" missed="2" covered="15"/><counter type="CLASS" missed="0" covered="2"/></sourcefile><sourcefile name="JaxbRuntimeException.java"><line nr="35" mi="0" ci="4" mb="0" cb="0"/><line nr="36" mi="0" ci="1" mb="0" cb="0"/><line nr="44" mi="2" ci="6" mb="1" cb="1"/><line nr="45" mi="0" ci="1" mb="0" cb="0"/><line nr="54" mi="0" ci="4" mb="0" cb="0"/><line nr="55" mi="0" ci="1" mb="0" cb="0"/><counter type="INSTRUCTION" missed="2" covered="17"/><counter type="BRANCH" missed="1" covered="1"/><counter type="LIN
[...]
"0" cb="0"/><line nr="414" mi="0" ci="3" mb="0" cb="0"/><line nr="415" mi="0" ci="3" mb="0" cb="0"/><line nr="416" mi="0" ci="3" mb="0" cb="0"/><line nr="417" mi="0" ci="1" mb="0" cb="0"/><line nr="425" mi="0" ci="3" mb="0" cb="0"/><counter type="INSTRUCTION" missed="229" covered="655"/><counter type="BRANCH" missed="36" covered="70"/><counter type="LINE" missed="18" covered="143"/><counter type="COMPLEXITY" missed="40" covered="49"/><counter type="METHOD" missed="11" covered="24"/><counter type="CLASS" missed="0" covered="6"/></sourcefile><sourcefile name="SchemaSourcesResolver.java"><line nr="50" mi="0" ci="4" mb="0" cb="0"/><line nr="51" mi="0" ci="5" mb="0" cb="0"/><line nr="52" mi="0" ci="3" mb="0" cb="0"/><line nr="53" mi="0" ci="6" mb="0" cb="0"/><line nr="54" mi="0" ci="2" mb="0" cb="0"/><line nr="64" mi="0" ci="3" mb="0" cb="0"/><line nr="65" mi="0" ci="2" mb="0" cb="0"/><line nr="66" mi="0" ci="3" mb="0" cb="0"/><line nr="67" mi="0" ci="7" mb="0" cb="0"/><line nr="68" mi="0" ci="12" mb="0" cb="2"/><line nr="69" mi="0" ci="5" mb="1" cb="1"/><line nr="70" mi="0" ci="5" mb="0" cb="0"/><line nr="71" mi="0" ci="6" mb="0" cb="0"/><line nr="72" mi="0" ci="9" mb="0" cb="0"/><line nr="73" mi="0" ci="4" mb="0" cb="0"/><line nr="75" mi="0" ci="1" mb="0" cb="0"/><line nr="76" mi="0" ci="2" mb="0" cb="0"/><counter type="INSTRUCTION" missed="0" covered="79"/><counter type="BRANCH" missed="1" covered="3"/><counter type="LINE" missed="0" covered="17"/><counter type="COMPLEXITY" missed="1" covered="3"/><counter type="METHOD" missed="0" covered="2"/><counter type="CLASS" missed="0" covered="1"/></sourcefile><sourcefile name="SchemaMode.java"><line nr="24" mi="0" ci="3" mb="0" cb="0"/><line nr="29" mi="0" ci="6" mb="0" cb="0"/><line nr="34" mi="0" ci="6" mb="0" cb="0"/><line nr="39" mi="0" ci="6" mb="0" cb="0"/><line nr="44" mi="0" ci="6" mb="0" cb="0"/><line nr="50" mi="0" ci="6" mb="0" cb="0"/><counter type="INSTRUCTION" missed="0" covered="33"/><counter type="LINE" missed="0" covered="6"/><counter type="COMPLEXITY" missed="0" covered="1"/><counter type="METHOD" missed="0" covered="1"/><counter type="CLASS" missed="0" covered="1"/></sourcefile><sourcefile name="JaxbContextWrapper.java"><line nr="84" mi="0" ci="6" mb="0" cb="0"/><line nr="96" mi="0" ci="4" mb="0" cb="0"/><line nr="97" mi="0" ci="1" mb="0" cb="0"/><line nr="107" mi="0" ci="2" mb="0" cb="0"/><line nr="108" mi="0" ci="3" mb="0" cb="0"/><line nr="109" mi="0" ci="6" mb="0" cb="0"/><line nr="110" mi="1" ci="8" mb="1" cb="1"/><line nr="111" mi="0" ci="7" mb="0" cb="0"/><line nr="112" mi="0" ci="1" mb="0" cb="0"/><line nr="122" mi="0" ci="2" mb="0" cb="0"/><line nr="123" mi="0" ci="3" mb="0" cb="0"/><line nr="124" mi="0" ci="3" mb="0" cb="0"/><line nr="125" mi="0" ci="4" mb="0" cb="0"/><line nr="126" mi="0" ci="3" mb="0" cb="0"/><line nr="127" mi="0" ci="1" mb="0" cb="0"/><line nr="131" mi="0" ci="4" mb="0" cb="0"/><line nr="132" mi="0" ci="4" mb="0" cb="2"/><line nr="133" mi="0" ci="8" mb="0" cb="0"/><line nr="135" mi="0" ci="4" mb="0" cb="2"/><line nr="136" mi="0" ci="4" mb="0" cb="0"/><line nr="138" mi="0" ci="18" mb="1" cb="7"/><line nr="141" mi="0" ci="3" mb="1" cb="1"/><line nr="142" mi="0" ci="4" mb="0" cb="0"/><line nr="144" mi="0" ci="4" mb="0" cb="2"/><line nr="145" mi="0" ci="4" mb="0" cb="0"/><line nr="147" mi="0" ci="2" mb="0" cb="0"/><line nr="152" mi="0" ci="4" mb="0" cb="0"/><line nr="153" mi="0" ci="5" mb="0" cb="0"/><line nr="154" mi="0" ci="6" mb="0" cb="0"/><line nr="155" mi="0" ci="5" mb="0" cb="2"/><line nr="156" mi="0" ci="6" mb="0" cb="0"/><line nr="158" mi="0" ci="4" mb="0" cb="2"/><line nr="159" mi="0" ci="8" mb="0" cb="0"/><line nr="161" mi="0" ci="4" mb="0" cb="2"/><line nr="162" mi="0" ci="4" mb="0" cb="0"/><line nr="164" mi="0" ci="18" mb="2" cb="6"/><line nr="167" mi="0" ci="3" mb="1" cb="1"/><line nr="168" mi="0" ci="4" mb="0" cb="0"/><line nr="170" mi="0" ci="4" mb="0" cb="2"/><line nr="171" mi="0" ci="4" mb="0" cb="0"/><line nr="173" mi="0" ci="2" mb="0" cb="0"/><line nr="178" mi="0" ci="5" mb="0" cb="0"/><line nr="183" mi="0" ci="4" mb="0" cb="0"/><line nr="188" mi="0" ci="4" mb="0" cb="0"/><line nr="189" mi="0" ci="1" mb="0" cb="0"/><counter type="INSTRUCTION" missed="1" covered="208"/><counter type="BRANCH" missed="6" covered="30"/><counter type="LINE" missed="0" covered="45"/><counter type="COMPLEXITY" missed="6" covered="20"/><counter type="METHOD" missed="0" covered="8"/><counter type="CLASS" missed="0" covered="1"/></sourcefile><sourcefile name="JaxbContextBuilder.java"><line nr="45" mi="0" ci="5" mb="0" cb="0"/><line nr="54" mi="0" ci="4" mb="0" cb="0"/><line nr="163" mi="0" ci="5" mb="0" cb="0"/><line nr="164" mi="0" ci="7" mb="0" cb="0"/><line nr="165" mi="0" ci="2" mb="0" cb="0"/><line nr="175" mi="0" ci="4" mb="0" cb="0"/><line nr="176" mi="0" ci="5" mb="0" cb="0"/><line nr="177" mi="0" ci="2" mb="0" cb="0"/><line nr="178" mi="0" ci="7" mb="0" cb="0"/><line nr="179" mi="0" ci="2" mb="0" cb="0"/><line nr="180" mi="0" ci="4" mb="0" cb="0"/><line nr="181" mi="0" ci="2" mb="0" cb="0"/><line nr="191" mi="0" ci="5" mb="0" cb="0"/><line nr="192" mi="0" ci="7" mb="0" cb="0"/><line nr="193" mi="0" ci="2" mb="0" cb="0"/><line nr="204" mi="0" ci="5" mb="0" cb="0"/><line nr="205" mi="0" ci="7" mb="0" cb="0"/><line nr="206" mi="0" ci="2" mb="0" cb="0"/><line nr="217" mi="0" ci="4" mb="0" cb="0"/><line nr="218" mi="0" ci="5" mb="0" cb="0"/><line nr="219" mi="0" ci="2" mb="0" cb="0"/><line nr="220" mi="0" ci="7" mb="0" cb="0"/><line nr="221" mi="0" ci="2" mb="0" cb="0"/><line nr="222" mi="2" ci="2" mb="0" cb="0"/><line nr="223" mi="0" ci="2" mb="0" cb="0"/><line nr="234" mi="0" ci="4" mb="0" cb="0"/><line nr="235" mi="2" ci="6" mb="1" cb="1"/><line nr="236" mi="3" ci="2" mb="2" cb="0"/><line nr="237" mi="0" ci="1" mb="0" cb="0"/><line nr="248" mi="0" ci="4" mb="0" cb="0"/><line nr="249" mi="0" ci="5" mb="0" cb="0"/><line nr="250" mi="0" ci="1" mb="0" cb="0"/><line nr="271" mi="0" ci="4" mb="0" cb="0"/><line nr="300" mi="0" ci="4" mb="0" cb="0"/><line nr="321" mi="0" ci="4" mb="0" cb="0"/><counter type="INSTRUCTION" missed="7" covered="136"/><counter type="BRANCH" missed="3" covered="1"/><counter type="LINE" missed="0" covered="35"/><counter type="COMPLEXITY" missed="3" covered="22"/><counter type="METHOD" missed="1" covered="22"/><counter type="CLASS" missed="0" covered="1"/></sourcefile><sourcefile name="SchemaLocation.java"><line nr="41" mi="0" ci="6" mb="0" cb="0"/><line nr="46" mi="0" ci="6" mb="0" cb="0"/><counter type="INSTRUCTION" missed="0" covered="12"/><counter type="LINE" missed="0" covered="2"/><counter type="COMPLEXITY" missed="0" covered="2"/><counter type="METHOD" missed="0" covered="2"/><counter type="CLASS" missed="0" covered="1"/></sourcefile><sourcefile name="XmlDocumentBuilderImpl.java"><line nr="57" mi="0" ci="2" mb="0" cb="0"/><line nr="58" mi="0" ci="3" mb="0" cb="0"/><line nr="59" mi="0" ci="4" mb="0" cb="0"/><line nr="60" mi="0" ci="1" mb="0" cb="0"/><line nr="65" mi="0" ci="3" mb="1" cb="1"/><line nr="66" mi="0" ci="4" mb="0" cb="0"/><line nr="68" mi="0" ci="2" mb="0" cb="0"/><line nr="81" mi="0" ci="3" mb="1" cb="1"/><line nr="82" mi="5" ci="0" mb="0" cb="0"/><line nr="84" mi="0" ci="3" mb="1" cb="1"/><line nr="85" mi="5" ci="0" mb="0" cb="0"/><line nr="87" mi="0" ci="3" mb="1" cb="1"/><line nr="88" mi="0" ci="5" mb="0" cb="0"/><line nr="90" mi="0" ci="3" mb="1" cb="1"/><line nr="91" mi="0" ci="5" mb="0" cb="0"/><line nr="93" mi="0" ci="3" mb="1" cb="1"/><line nr="94" mi="0" ci="5" mb="0" cb="0"/><line nr="96" mi="0" ci="3" mb="1" cb="1"/><line nr="97" mi="0" ci="5" mb="0" cb="0"/><line nr="99" mi="0" ci="3" mb="1" cb="1"/><line nr="100" mi="5" ci="0" mb="0" cb="0"/><line nr="102" mi="0" ci="2" mb="0" cb="0"/><line nr="107" mi="5" ci="0" mb="0" cb="0"/><line nr="108" mi="2" ci="0" mb="0" cb="0"/><line nr="114" mi="0" ci="5" mb="0" cb="0"/><line nr="115" mi="1" ci="0" mb="0" cb="0"/><line nr="116" mi="5" ci="0" mb="0" cb="0"/><line nr="117" mi="0" ci="1" mb="0" cb="0"/><line nr="118" mi="0" ci="2" mb="0" cb="0"/><line nr="123" mi="0" ci="4" mb="0" cb="0"/><line nr="124" mi="0" ci="2" mb="0" cb="0"/><line nr="129" mi="0" ci="3" mb="0" cb="0"/><line nr="130" mi="0" ci="2" mb="0" cb="0"/><line nr="135" mi="0" ci="3" mb="0" cb="0"/><line nr="136" mi="0" ci="2" mb="0" cb="0"/><line nr="143" mi="0" ci="4" mb="0" cb="0"/><line nr="144" mi="1" ci="0" mb="0" cb="0"/><line nr="145" mi="5" ci="0" mb="0" cb="0"/><line nr="146" mi="0" ci="1" mb="0" cb="0"/><line nr="147" mi="0" ci="4" mb="0" cb="2"/><line nr="148" mi="0" ci="4" mb="0" cb="0"/><line nr="150" mi="0" ci="4" mb="0" cb="2"/><line nr="151" mi="0" ci="4" mb="0" cb="0"/><line nr="153" mi="0" ci="2" mb="0" cb="0"/><line nr="158" mi="0" ci="4" mb="0" cb="0"/><line nr="164" mi="0" ci="5" mb="0" cb="0"/><line nr="166" mi="0" ci="1" mb="0" cb="0"/><line nr="167" mi="0" ci="5" mb="0" cb="0"/><line nr="174" mi="0" ci="5" mb="0" cb="0"/><line nr="176" mi="0" ci="1" mb="0" cb="0"/><line nr="177" mi="0" ci="5" mb="0" cb="0"/><line nr="184" mi="0" ci="5" mb="0" cb="0"/><line nr="186" mi="0" ci="1" mb="0" cb="0"/><line nr="187" mi="0" ci="5" mb="0" cb="0"/><line nr="194" mi="0" ci="5" mb="0" cb="0"/><line nr="196" mi="0" ci="1" mb="0" cb="0"/><line nr="197" mi="0" ci="5" mb="0" cb="0"/><line nr="204" mi="0" ci="6" mb="0" cb="0"/><line nr="206" mi="0" ci="1" mb="0" cb="0"/><line nr="207" mi="0" ci="5" mb="0" cb="0"/><line nr="213" mi="0" ci="3" mb="0" cb="2"/><line nr="214" mi="0" ci="2" mb="0" cb="0"/><line nr="217" mi="0" ci="6" mb="0" cb="0"/><line nr="218" mi="1" ci="0" mb="0" cb="0"/><line nr="219" mi="5" ci="0" mb="0" cb="0"/><line nr="225" mi="0" ci="3" mb="0" cb="2"/><line nr="226" mi="0" ci="2" mb="0" cb="0"/><line nr="228" mi="0" ci="3" mb="0" cb="0"/><line nr="230" mi="0" ci="4" mb="0" cb="0"/><line nr="231" mi="0" ci="1" mb="0" cb="0"/><line nr="232" mi="0" ci="5" mb="0" cb="0"/><line nr="233" mi="0" ci="1" mb="0" cb="0"/><line nr="234" mi="0" ci="2" mb="0" cb="0"/><counter type="INSTRUCTION" missed="40" covered="201"/><counter type="BRANCH" missed="8" covered="16"/><counter type="LINE" missed="11" covered="62"/><counter type="COMPLEXITY" missed="9" covered="20"/><counter type="METHOD" missed="1" covered="16"/><counter type="CLASS" missed="0" covered="1"/></sourcefile><sourcefile name="JaxbUtils.java"><line nr="50" mi="0" ci="4" mb="0" cb="0"/><line nr="51" mi="0" ci="7" mb="0" cb="0"/><line nr="52" mi="0" ci="2" mb="0" cb="0"/><line nr="53" mi="0" ci="14" mb="1" cb="3"/><line nr="54" mi="0" ci="5" mb="0" cb="2"/><line nr="55" mi="0" ci="6" mb="0" cb="0"/><line nr="56" mi="0" ci="1" mb="0" cb="0"/><line nr="66" mi="0" ci="4" mb="0" cb="0"/><line nr="67" mi="0" ci="7" mb="0" cb="0"/><line nr="68" mi="0" ci="2" mb="0" cb="0"/><line nr="69" mi="0" ci="14" mb="1" cb="3"/><line nr="70" mi="0" ci="5" mb="0" cb="2"/><line nr="71" mi="0" ci="6" mb="0" cb="0"/><line nr="72" mi="0" ci="1" mb="0" cb="0"/><line nr="82" mi="0" ci="4" mb="0" cb="0"/><line nr="83" mi="0" ci="7" mb="0" cb="0"/><line nr="84" mi="0" ci="2" mb="0" cb="0"/><line nr="85" mi="1" ci="7" mb="1" cb="1"/><line nr="95" mi="0" ci="4" mb="0" cb="0"/><line nr="96" mi="0" ci="7" mb="0" cb="0"/><line nr="97" mi="0" ci="2" mb="0" cb="0"/><line nr="98" mi="0" ci="12" mb="1" cb="3"/><line nr="108" mi="0" ci="11" mb="1" cb="3"/><line nr="118" mi="0" ci="10" mb="0" cb="4"/><line nr="122" mi="0" ci="5" mb="0" cb="0"/><line nr="123" mi="0" ci="2" mb="0" cb="0"/><line nr="125" mi="0" ci="5" mb="0" cb="0"/><line nr="126" mi="0" ci="3" mb="0" cb="0"/><line nr="127" mi="0" ci="1" mb="0" cb="0"/><line nr="128" mi="0" ci="3" mb="0" cb="0"/><line nr="131" mi="0" ci="4" mb="0" cb="0"/><line nr="135" mi="0" ci="4" mb="0" cb="0"/><line nr="136" mi="0" ci="2" mb="0" cb="0"/><line nr="137" mi="0" ci="7" mb="0" cb="0"/><line nr="138" mi="0" ci="5" mb="0" cb="0"/><line nr="139" mi="0" ci="9" mb="0" cb="0"/><line nr="140" mi="0" ci="4" mb="0" cb="0"/><line nr="151" mi="0" ci="3" mb="0" cb="0"/><line nr="152" mi="0" ci="19" mb="0" cb="0"/><line nr="153" mi="0" ci="3" mb="0" cb="0"/><line nr="154" mi="0" ci="2" mb="0" cb="0"/><line nr="155" mi="0" ci="1" mb="0" cb="0"/><counter type="INSTRUCTION" missed="1" covered="226"/><counter type="BRANCH" missed="5" covered="21"/><counter type="LINE" missed="0" covered="42"/><counter type="COMPLEXITY" missed="5" covered="31"/><counter type="METHOD" missed="0" covered="23"/><counter type="CLASS" missed="0" covered="1"/></sourcefile><sourcefile name="XmlDocumentBuilderFactoryConfigurator.java"/><sourcefile name="JaxbContextBuilderImpl.java"><line nr="56" mi="0" ci="5" mb="0" cb="0"/><line nr="58" mi="0" ci="5" mb="0" cb="0"/><line nr="60" mi="0" ci="5" mb="0" cb="0"/><line nr="63" mi="0" ci="3" mb="0" cb="0"/><line nr="65" mi="0" ci="3" mb="0" cb="0"/><line nr="69" mi="0" ci="3" mb="0" cb="0"/><line nr="71" mi="0" ci="3" mb="0" cb="0"/><line nr="84" mi="0" ci="2" mb="0" cb="0"/><line nr="85" mi="0" ci="1" mb="0" cb="0"/><line nr="88" mi="0" ci="3" mb="0" cb="0"/><line nr="89" mi="0" ci="3" mb="0" cb="0"/><line nr="90" mi="0" ci="1" mb="0" cb="0"/><line nr="94" mi="0" ci="4" mb="0" cb="0"/><line nr="95" mi="0" ci="4" mb="0" cb="0"/><line nr="96" mi="0" ci="4" mb="0" cb="0"/><line nr="97" mi="0" ci="5" mb="0" cb="0"/><line nr="98" mi="0" ci="4" mb="0" cb="0"/><line nr="99" mi="0" ci="4" mb="0" cb="0"/><line nr="100" mi="0" ci="4" mb="0" cb="0"/><line nr="101" mi="0" ci="4" mb="0" cb="0"/><line nr="102" mi="0" ci="5" mb="0" cb="0"/><line nr="103" mi="0" ci="5" mb="0" cb="0"/><line nr="104" mi="0" ci="5" mb="0" cb="0"/><line nr="105" mi="0" ci="4" mb="0" cb="0"/><line nr="106" mi="0" ci="4" mb="0" cb="2"/><line nr="107" mi="0" ci="7" mb="0" cb="0"/><line nr="109" mi="0" ci="2" mb="0" cb="0"/><line nr="114" mi="0" ci="3" mb="1" cb="1"/><line nr="115" mi="0" ci="3" mb="0" cb="0"/><line nr="117" mi="0" ci="2" mb="0" cb="0"/><line nr="122" mi="0" ci="3" mb="1" cb="1"/><line nr="123" mi="0" ci="3" mb="0" cb="0"/><line nr="125" mi="0" ci="2" mb="0" cb="0"/><line nr="130" mi="3" ci="6" mb="3" cb="1"/><line nr="131" mi="0" ci="7" mb="1" cb="3"/><line nr="132" mi="0" ci="6" mb="1" cb="1"/><line nr="133" mi="0" ci="3" mb="1" cb="1"/><line nr="134" mi="0" ci="2" mb="0" cb="0"/><line nr="136" mi="0" ci="3" mb="0" cb="0"/><line nr="137" mi="0" ci="2" mb="0" cb="0"/><line nr="142" mi="0" ci="3" mb="0" cb="0"/><line nr="143" mi="0" ci="2" mb="0" cb="0"/><line nr="148" mi="0" ci="3" mb="0" cb="0"/><line nr="149" mi="0" ci="2" mb="0" cb="0"/><line nr="156" mi="0" ci="3" mb="0" cb="2"/><line nr="157" mi="0" ci="4" mb="0" cb="0"/><line nr="159" mi="0" ci="2" mb="0" cb="0"/><line nr="160" mi="0" ci="2" mb="0" cb="0"/><line nr="161" mi="0" ci="1" mb="0" cb="0"/><line nr="162" mi="0" ci="4" mb="0" cb="0"/><line nr="164" mi="0" ci="2" mb="0" cb="0"/><line nr="170" mi="0" ci="3" mb="0" cb="0"/><line nr="171" mi="0" ci="2" mb="0" cb="0"/><line nr="177" mi="0" ci="3" mb="0" cb="0"/><line nr="178" mi="0" ci="2" mb="0" cb="0"/><line nr="184" mi="0" ci="3" mb="0" cb="0"/><line nr="185" mi="0" ci="2" mb="0" cb="0"/><line nr="190" mi="0" ci="4" mb="0" cb="0"/><line nr="191" mi="0" ci="3" mb="0" cb="0"/><line nr="192" mi="0" ci="2" mb="0" cb="0"/><line nr="193" mi="0" ci="2" mb="0" cb="0"/><line nr="194" mi="0" ci="7" mb="0" cb="0"/><line nr="195" mi="0" ci="2" mb="0" cb="0"/><line nr="197" mi="0" ci="2" mb="0" cb="0"/><line nr="203" mi="0" ci="3" mb="0" cb="2"/><line nr="204" mi="0" ci="4" mb="0" cb="2"/><line nr="205" mi="0" ci="2" mb="0" cb="0"/><line nr="206" mi="0" ci="5" mb="0" cb="0"/><line nr="207" mi="0" ci="3" mb="0" cb="0"/><line nr="208" mi="0" ci="3" mb="0" cb="0"/><line nr="209" mi="0" ci="11" mb="0" cb="0"/><line nr="210" mi="0" ci="2" mb="0" cb="0"/><line nr="211" mi="0" ci="2" mb="0" cb="0"/><line nr="214" mi="0" ci="4" mb="0" cb="0"/><line nr="215" mi="0" ci="3" mb="0" cb="0"/><line nr="216" mi="0" ci="10" mb="0" cb="6"/><line nr="219" mi="0" ci="4" mb="1" cb="1"/><line nr="220" mi="0" ci="5" mb="0" cb="0"/><line nr="223" mi="0" ci="3" mb="0" cb="0"/><line nr="225" mi="1" ci="0" mb="0" cb="0"/><line nr="226" mi="5" ci="0" mb="0" cb="0"/><line nr="232" mi="0" ci="4" mb="0" cb="0"/><line nr="233" mi="0" ci="3" mb="0" cb="0"/><line nr="234" mi="0" ci="10" mb="0" cb="6"/><line nr="237" mi="0" ci="4" mb="0" cb="2"/><line nr="238" mi="0" ci="5" mb="0" cb="0"/><line nr="241" mi="0" ci="3" mb="0" cb="0"/><line nr="242" mi="1" ci="0" mb="0" cb="0"/><line nr="243" mi="5" ci="0" mb="0" cb="0"/><line nr="249" mi="0" ci="4" mb="0" cb="2"/><line nr="250" mi="0" ci="4" mb="0" cb="0"/><line nr="252" mi="0" ci="2" mb="0" cb="0"/><line nr="257" mi="0" ci="4" mb="0" cb="0"/><line nr="258" mi="0" ci="3" mb="0" cb="0"/><line nr="259" mi="0" ci="13" mb="2" cb="6"/><line nr="263" mi="0" ci="4" mb="0" cb="2"/><line nr="264" mi="0" ci="5" mb="0" cb="0"/><line nr="266" mi="0" ci="2" mb="0" cb="0"/><line nr="271" mi="0" ci="4" mb="0" cb="0"/><line nr="275" mi="0" ci="5" mb="0" cb="0"/><line nr="276" mi="0" ci="3" mb="0" cb="0"/><line nr="280" mi="0" ci="3" mb="0" cb="2"/><line nr="281" mi="0" ci="3" mb="0" cb="0"/><line nr="283" mi="0" ci="3" mb="0" cb="2"/><line nr="284" mi="0" ci="10" mb="0" cb="0"/><line nr="287" mi="0" ci="3" mb="0" cb="2"/><line nr="288" mi="0" ci="4" mb="0" cb="2"/><line nr="289" mi="0" ci="3" mb="0" cb="0"/><line nr="290" mi="0" ci="6" mb="0" cb="0"/><line nr="292" mi="0" ci="4" mb="0" cb="2"/><line nr="293" mi="0" ci="8" mb="0" cb="0"/><line nr="294" mi="0" ci="5" mb="0" cb="0"/><line nr="296" mi="0" ci="4" mb="0" cb="0"/><line nr="297" mi="0" ci="3" mb="0" cb="0"/><line nr="298" mi="0" ci="11" mb="0" cb="0"/><line nr="299" mi="0" ci="2" mb="0" cb="0"/><line nr="300" mi="0" ci="2" mb="0" cb="0"/><line nr="302" mi="0" ci="3" mb="0" cb="0"/><line nr="306" mi="0" ci="4" mb="0" cb="0"/><line nr="307" mi="0" ci="8" mb="0" cb="0"/><line nr="309" mi="0" ci="5" mb="0" cb="2"/><line nr="310" mi="0" ci="6" mb="0" cb="0"/><line nr="311" mi="0" ci="10" mb="0" cb="0"/><line nr="313" mi="1" ci="0" mb="0" cb="0"/><line nr="314" mi="9" ci="0" mb="0" cb="0"/><line nr="315" mi="4" ci="0" mb="0" cb="0"/><line nr="319" mi="0" ci="6" mb="0" cb="0"/><line nr="320" mi="0" ci="4" mb="0" cb="0"/><line nr="321" mi="0" ci="4" mb="0" cb="0"/><line nr="322" mi="0" ci="4" mb="0" cb="0"/><line nr="323" mi="0" ci="4" mb="0" cb="0"/><line nr="324" mi="0" ci="4" mb="0" cb="0"/><line nr="325" mi="0" ci="4" mb="0" cb="0"/><line nr="326" mi="0" ci="2" mb="0" cb="0"/><line nr="330" mi="0" ci="6" mb="0" cb="0"/><line nr="334" mi="0" ci="3" mb="0" cb="0"/><line nr="335" mi="0" ci="9" mb="0" cb="0"/><line nr="336" mi="0" ci="4" mb="0" cb="0"/><line nr="338" mi="0" ci="3" mb="0" cb="0"/><line nr="339" mi="1" ci="0" mb="0" cb="0"/><line nr="340" mi="5" ci="0" mb="0" cb="0"/><line nr="341" mi="0" ci="1" mb="0" cb="0"/><line nr="342" mi="0" ci="4" mb="0" cb="0"/><line nr="343" mi="0" ci="4" mb="0" cb="0"/><line nr="344" mi="0" ci="3" mb="0" cb="0"/><line nr="345" mi="0" ci="7" mb="0" cb="0"/><line nr="346" mi="0" ci="5" mb="0" cb="0"/><counter type="INSTRUCTION" missed="35" covered="549"/><counter type="BRANCH" missed="11" covered="53"/><counter type="LINE" missed="9" covered="138"/><counter type="COMPLEXITY" missed="10" covered="52"/><counter type="METHOD" missed="0" covered="30"/><counter type="CLASS" missed="0" covered="1"/></sourcefile><counter type="INSTRUCTION" missed="388" covered="3044"/><counter type="BRANCH" missed="87" covered="261"/><counter type="LINE" missed="49" covered="706"/><counter type="COMPLEXITY" missed="94" covered="295"/><counter type="METHOD" missed="17" covered="197"/><counter type="CLASS" missed="0" covered="22"/></package><counter type="INSTRUCTION" missed="388" covered="3044"/><counter type="BRANCH" missed="87" covered="261"/><counter type="LINE" missed="49" covered="706"/><counter type="COMPLEXITY" missed="94" covered="295"/><counter type="METHOD" missed="17" covered="197"/><counter type="CLASS" missed="0" covered="22"/></report>